[debug] [2025-04-29T17:01:42.040Z] ----------------------------------------------------------------------
[debug] [2025-04-29T17:01:42.042Z] Command:       /home/phantomjoker/.nvm/versions/node/v23.11.0/bin/node /home/phantomjoker/.nvm/versions/node/v23.11.0/bin/firebase deploy --only functions
[debug] [2025-04-29T17:01:42.042Z] CLI Version:   14.2.1
[debug] [2025-04-29T17:01:42.042Z] Platform:      linux
[debug] [2025-04-29T17:01:42.043Z] Node Version:  v23.11.0
[debug] [2025-04-29T17:01:42.043Z] Time:          Tue Apr 29 2025 11:01:42 GMT-0600 (Central Standard Time)
[debug] [2025-04-29T17:01:42.043Z] ----------------------------------------------------------------------
[debug] 
[debug] [2025-04-29T17:01:42.207Z] > command requires scopes: ["email","openid","https://www.googleapis.com/auth/cloudplatformprojects.readonly","https://www.googleapis.com/auth/firebase","https://www.googleapis.com/auth/cloud-platform"]
[debug] [2025-04-29T17:01:42.208Z] > authorizing via signed-in user (luisangelmarcia@gmail.com)
[debug] [2025-04-29T17:01:42.208Z] [iam] checking project atom-tech-test for permissions ["cloudfunctions.functions.create","cloudfunctions.functions.delete","cloudfunctions.functions.get","cloudfunctions.functions.list","cloudfunctions.functions.update","cloudfunctions.operations.get","firebase.projects.get"]
[debug] [2025-04-29T17:01:42.209Z] Checked if tokens are valid: false, expires at: 1745945723172
[debug] [2025-04-29T17:01:42.209Z] Checked if tokens are valid: false, expires at: 1745945723172
[debug] [2025-04-29T17:01:42.209Z] > refreshing access token with scopes: []
[debug] [2025-04-29T17:01:42.210Z] >>> [apiv2][query] POST https://www.googleapis.com/oauth2/v3/token [none]
[debug] [2025-04-29T17:01:42.211Z] >>> [apiv2][body] POST https://www.googleapis.com/oauth2/v3/token [omitted]
[debug] [2025-04-29T17:01:42.473Z] <<< [apiv2][status] POST https://www.googleapis.com/oauth2/v3/token 200
[debug] [2025-04-29T17:01:42.473Z] <<< [apiv2][body] POST https://www.googleapis.com/oauth2/v3/token [omitted]
[debug] [2025-04-29T17:01:42.491Z] >>> [apiv2][query] POST https://cloudresourcemanager.googleapis.com/v1/projects/atom-tech-test:testIamPermissions [none]
[debug] [2025-04-29T17:01:42.491Z] >>> [apiv2][(partial)header] POST https://cloudresourcemanager.googleapis.com/v1/projects/atom-tech-test:testIamPermissions x-goog-quota-user=projects/atom-tech-test
[debug] [2025-04-29T17:01:42.491Z] >>> [apiv2][body] POST https://cloudresourcemanager.googleapis.com/v1/projects/atom-tech-test:testIamPermissions {"permissions":["cloudfunctions.functions.create","cloudfunctions.functions.delete","cloudfunctions.functions.get","cloudfunctions.functions.list","cloudfunctions.functions.update","cloudfunctions.operations.get","firebase.projects.get"]}
[debug] [2025-04-29T17:01:42.856Z] <<< [apiv2][status] POST https://cloudresourcemanager.googleapis.com/v1/projects/atom-tech-test:testIamPermissions 200
[debug] [2025-04-29T17:01:42.856Z] <<< [apiv2][body] POST https://cloudresourcemanager.googleapis.com/v1/projects/atom-tech-test:testIamPermissions {"permissions":["cloudfunctions.functions.create","cloudfunctions.functions.delete","cloudfunctions.functions.get","cloudfunctions.functions.list","cloudfunctions.functions.update","cloudfunctions.operations.get","firebase.projects.get"]}
[debug] [2025-04-29T17:01:42.857Z] Checked if tokens are valid: true, expires at: 1745949701473
[debug] [2025-04-29T17:01:42.857Z] Checked if tokens are valid: true, expires at: 1745949701473
[debug] [2025-04-29T17:01:42.857Z] >>> [apiv2][query] POST https://iam.googleapis.com/v1/projects/atom-tech-test/serviceAccounts/atom-tech-test@appspot.gserviceaccount.com:testIamPermissions [none]
[debug] [2025-04-29T17:01:42.857Z] >>> [apiv2][body] POST https://iam.googleapis.com/v1/projects/atom-tech-test/serviceAccounts/atom-tech-test@appspot.gserviceaccount.com:testIamPermissions {"permissions":["iam.serviceAccounts.actAs"]}
[debug] [2025-04-29T17:01:43.255Z] <<< [apiv2][status] POST https://iam.googleapis.com/v1/projects/atom-tech-test/serviceAccounts/atom-tech-test@appspot.gserviceaccount.com:testIamPermissions 200
[debug] [2025-04-29T17:01:43.255Z] <<< [apiv2][body] POST https://iam.googleapis.com/v1/projects/atom-tech-test/serviceAccounts/atom-tech-test@appspot.gserviceaccount.com:testIamPermissions {"permissions":["iam.serviceAccounts.actAs"]}
[info] 
[info] === Deploying to 'atom-tech-test'...
[info] 
[info] i  deploying functions 
[info] Running command: npm --prefix "$RESOURCE_DIR" run lint
[info] Running command: npm --prefix "$RESOURCE_DIR" run build
[info] ✔  functions: Finished running predeploy script. 
[debug] [2025-04-29T17:01:53.983Z] Checked if tokens are valid: true, expires at: 1745949701473
[debug] [2025-04-29T17:01:53.983Z] Checked if tokens are valid: true, expires at: 1745949701473
[debug] [2025-04-29T17:01:53.983Z] >>> [apiv2][query] GET https://cloudresourcemanager.googleapis.com/v1/projects/atom-tech-test [none]
[debug] [2025-04-29T17:01:54.315Z] <<< [apiv2][status] GET https://cloudresourcemanager.googleapis.com/v1/projects/atom-tech-test 200
[debug] [2025-04-29T17:01:54.315Z] <<< [apiv2][body] GET https://cloudresourcemanager.googleapis.com/v1/projects/atom-tech-test {"projectNumber":"710190728687","projectId":"atom-tech-test","lifecycleState":"ACTIVE","name":"atom-tech-test","labels":{"firebase":"enabled","firebase-core":"disabled"},"createTime":"2025-04-28T00:30:23.479335Z"}
[info] i  functions: preparing codebase default for deployment 
[info] i  functions: ensuring required API cloudfunctions.googleapis.com is enabled... 
[debug] [2025-04-29T17:01:54.317Z] Checked if tokens are valid: true, expires at: 1745949701473
[debug] [2025-04-29T17:01:54.317Z] Checked if tokens are valid: true, expires at: 1745949701473
[debug] [2025-04-29T17:01:54.317Z] Checked if tokens are valid: true, expires at: 1745949701473
[debug] [2025-04-29T17:01:54.317Z] Checked if tokens are valid: true, expires at: 1745949701473
[info] i  functions: ensuring required API cloudbuild.googleapis.com is enabled... 
[debug] [2025-04-29T17:01:54.317Z] Checked if tokens are valid: true, expires at: 1745949701473
[debug] [2025-04-29T17:01:54.317Z] Checked if tokens are valid: true, expires at: 1745949701473
[info] i  artifactregistry: ensuring required API artifactregistry.googleapis.com is enabled... 
[debug] [2025-04-29T17:01:54.317Z] Checked if tokens are valid: true, expires at: 1745949701473
[debug] [2025-04-29T17:01:54.317Z] Checked if tokens are valid: true, expires at: 1745949701473
[debug] [2025-04-29T17:01:54.318Z] >>> [apiv2][query] GET https://serviceusage.googleapis.com/v1/projects/atom-tech-test/services/cloudfunctions.googleapis.com [none]
[debug] [2025-04-29T17:01:54.318Z] >>> [apiv2][(partial)header] GET https://serviceusage.googleapis.com/v1/projects/atom-tech-test/services/cloudfunctions.googleapis.com x-goog-quota-user=projects/atom-tech-test
[debug] [2025-04-29T17:01:54.319Z] >>> [apiv2][query] GET https://serviceusage.googleapis.com/v1/projects/atom-tech-test/services/runtimeconfig.googleapis.com [none]
[debug] [2025-04-29T17:01:54.319Z] >>> [apiv2][(partial)header] GET https://serviceusage.googleapis.com/v1/projects/atom-tech-test/services/runtimeconfig.googleapis.com x-goog-quota-user=projects/atom-tech-test
[debug] [2025-04-29T17:01:54.321Z] >>> [apiv2][query] GET https://serviceusage.googleapis.com/v1/projects/atom-tech-test/services/cloudbuild.googleapis.com [none]
[debug] [2025-04-29T17:01:54.321Z] >>> [apiv2][(partial)header] GET https://serviceusage.googleapis.com/v1/projects/atom-tech-test/services/cloudbuild.googleapis.com x-goog-quota-user=projects/atom-tech-test
[debug] [2025-04-29T17:01:54.322Z] >>> [apiv2][query] GET https://serviceusage.googleapis.com/v1/projects/atom-tech-test/services/artifactregistry.googleapis.com [none]
[debug] [2025-04-29T17:01:54.322Z] >>> [apiv2][(partial)header] GET https://serviceusage.googleapis.com/v1/projects/atom-tech-test/services/artifactregistry.googleapis.com x-goog-quota-user=projects/atom-tech-test
[debug] [2025-04-29T17:01:54.892Z] <<< [apiv2][status] GET https://serviceusage.googleapis.com/v1/projects/atom-tech-test/services/runtimeconfig.googleapis.com 200
[debug] [2025-04-29T17:01:54.892Z] <<< [apiv2][body] GET https://serviceusage.googleapis.com/v1/projects/atom-tech-test/services/runtimeconfig.googleapis.com [omitted]
[debug] [2025-04-29T17:01:54.897Z] <<< [apiv2][status] GET https://serviceusage.googleapis.com/v1/projects/atom-tech-test/services/artifactregistry.googleapis.com 200
[debug] [2025-04-29T17:01:54.897Z] <<< [apiv2][body] GET https://serviceusage.googleapis.com/v1/projects/atom-tech-test/services/artifactregistry.googleapis.com [omitted]
[info] ✔  artifactregistry: required API artifactregistry.googleapis.com is enabled 
[debug] [2025-04-29T17:01:54.911Z] <<< [apiv2][status] GET https://serviceusage.googleapis.com/v1/projects/atom-tech-test/services/cloudbuild.googleapis.com 200
[debug] [2025-04-29T17:01:54.911Z] <<< [apiv2][body] GET https://serviceusage.googleapis.com/v1/projects/atom-tech-test/services/cloudbuild.googleapis.com [omitted]
[info] ✔  functions: required API cloudbuild.googleapis.com is enabled 
[debug] [2025-04-29T17:01:54.919Z] <<< [apiv2][status] GET https://serviceusage.googleapis.com/v1/projects/atom-tech-test/services/cloudfunctions.googleapis.com 200
[debug] [2025-04-29T17:01:54.919Z] <<< [apiv2][body] GET https://serviceusage.googleapis.com/v1/projects/atom-tech-test/services/cloudfunctions.googleapis.com [omitted]
[info] ✔  functions: required API cloudfunctions.googleapis.com is enabled 
[debug] [2025-04-29T17:01:54.920Z] Checked if tokens are valid: true, expires at: 1745949701473
[debug] [2025-04-29T17:01:54.920Z] Checked if tokens are valid: true, expires at: 1745949701473
[debug] [2025-04-29T17:01:54.920Z] >>> [apiv2][query] GET https://firebase.googleapis.com/v1beta1/projects/atom-tech-test/adminSdkConfig [none]
[debug] [2025-04-29T17:01:55.393Z] <<< [apiv2][status] GET https://firebase.googleapis.com/v1beta1/projects/atom-tech-test/adminSdkConfig 200
[debug] [2025-04-29T17:01:55.394Z] <<< [apiv2][body] GET https://firebase.googleapis.com/v1beta1/projects/atom-tech-test/adminSdkConfig {"projectId":"atom-tech-test","storageBucket":"atom-tech-test.firebasestorage.app"}
[debug] [2025-04-29T17:01:55.394Z] Checked if tokens are valid: true, expires at: 1745949701473
[debug] [2025-04-29T17:01:55.394Z] Checked if tokens are valid: true, expires at: 1745949701473
[debug] [2025-04-29T17:01:55.394Z] >>> [apiv2][query] GET https://runtimeconfig.googleapis.com/v1beta1/projects/atom-tech-test/configs [none]
[debug] [2025-04-29T17:01:55.737Z] <<< [apiv2][status] GET https://runtimeconfig.googleapis.com/v1beta1/projects/atom-tech-test/configs 200
[debug] [2025-04-29T17:01:55.738Z] <<< [apiv2][body] GET https://runtimeconfig.googleapis.com/v1beta1/projects/atom-tech-test/configs {"configs":[{"name":"projects/atom-tech-test/configs/client"},{"name":"projects/atom-tech-test/configs/private"},{"name":"projects/atom-tech-test/configs/project"}]}
[debug] [2025-04-29T17:01:55.738Z] Checked if tokens are valid: true, expires at: 1745949701473
[debug] [2025-04-29T17:01:55.738Z] Checked if tokens are valid: true, expires at: 1745949701473
[debug] [2025-04-29T17:01:55.738Z] Checked if tokens are valid: true, expires at: 1745949701473
[debug] [2025-04-29T17:01:55.738Z] Checked if tokens are valid: true, expires at: 1745949701473
[debug] [2025-04-29T17:01:55.738Z] Checked if tokens are valid: true, expires at: 1745949701473
[debug] [2025-04-29T17:01:55.738Z] Checked if tokens are valid: true, expires at: 1745949701473
[debug] [2025-04-29T17:01:55.738Z] >>> [apiv2][query] GET https://runtimeconfig.googleapis.com/v1beta1/projects/atom-tech-test/configs/client/variables [none]
[debug] [2025-04-29T17:01:55.739Z] >>> [apiv2][query] GET https://runtimeconfig.googleapis.com/v1beta1/projects/atom-tech-test/configs/private/variables [none]
[debug] [2025-04-29T17:01:55.740Z] >>> [apiv2][query] GET https://runtimeconfig.googleapis.com/v1beta1/projects/atom-tech-test/configs/project/variables [none]
[debug] [2025-04-29T17:01:55.916Z] <<< [apiv2][status] GET https://runtimeconfig.googleapis.com/v1beta1/projects/atom-tech-test/configs/client/variables 200
[debug] [2025-04-29T17:01:55.916Z] <<< [apiv2][body] GET https://runtimeconfig.googleapis.com/v1beta1/projects/atom-tech-test/configs/client/variables {"variables":[{"name":"projects/atom-tech-test/configs/client/variables/email","updateTime":"2025-04-28T02:10:12.515421420Z"}]}
[debug] [2025-04-29T17:01:55.917Z] Checked if tokens are valid: true, expires at: 1745949701473
[debug] [2025-04-29T17:01:55.917Z] Checked if tokens are valid: true, expires at: 1745949701473
[debug] [2025-04-29T17:01:55.917Z] >>> [apiv2][query] GET https://runtimeconfig.googleapis.com/v1beta1/projects/atom-tech-test/configs/client/variables/email [none]
[debug] [2025-04-29T17:01:56.088Z] <<< [apiv2][status] GET https://runtimeconfig.googleapis.com/v1beta1/projects/atom-tech-test/configs/client/variables/email 200
[debug] [2025-04-29T17:01:56.088Z] <<< [apiv2][body] GET https://runtimeconfig.googleapis.com/v1beta1/projects/atom-tech-test/configs/client/variables/email {"name":"projects/atom-tech-test/configs/client/variables/email","updateTime":"2025-04-28T02:10:12.515421420Z","text":"firebase-adminsdk-fbsvc@atom-tech-test.iam.gserviceaccount.com"}
[debug] [2025-04-29T17:01:56.186Z] <<< [apiv2][status] GET https://runtimeconfig.googleapis.com/v1beta1/projects/atom-tech-test/configs/project/variables 200
[debug] [2025-04-29T17:01:56.186Z] <<< [apiv2][body] GET https://runtimeconfig.googleapis.com/v1beta1/projects/atom-tech-test/configs/project/variables {"variables":[{"name":"projects/atom-tech-test/configs/project/variables/id","updateTime":"2025-04-28T02:10:12.546954867Z"}]}
[debug] [2025-04-29T17:01:56.186Z] Checked if tokens are valid: true, expires at: 1745949701473
[debug] [2025-04-29T17:01:56.186Z] Checked if tokens are valid: true, expires at: 1745949701473
[debug] [2025-04-29T17:01:56.186Z] >>> [apiv2][query] GET https://runtimeconfig.googleapis.com/v1beta1/projects/atom-tech-test/configs/project/variables/id [none]
[debug] [2025-04-29T17:01:56.195Z] <<< [apiv2][status] GET https://runtimeconfig.googleapis.com/v1beta1/projects/atom-tech-test/configs/private/variables 200
[debug] [2025-04-29T17:01:56.195Z] <<< [apiv2][body] GET https://runtimeconfig.googleapis.com/v1beta1/projects/atom-tech-test/configs/private/variables {"variables":[{"name":"projects/atom-tech-test/configs/private/variables/key","updateTime":"2025-04-28T02:10:12.495953596Z"}]}
[debug] [2025-04-29T17:01:56.195Z] Checked if tokens are valid: true, expires at: 1745949701473
[debug] [2025-04-29T17:01:56.196Z] Checked if tokens are valid: true, expires at: 1745949701473
[debug] [2025-04-29T17:01:56.196Z] >>> [apiv2][query] GET https://runtimeconfig.googleapis.com/v1beta1/projects/atom-tech-test/configs/private/variables/key [none]
[debug] [2025-04-29T17:01:56.387Z] <<< [apiv2][status] GET https://runtimeconfig.googleapis.com/v1beta1/projects/atom-tech-test/configs/private/variables/key 200
[debug] [2025-04-29T17:01:56.387Z] <<< [apiv2][body] GET https://runtimeconfig.googleapis.com/v1beta1/projects/atom-tech-test/configs/private/variables/key {"name":"projects/atom-tech-test/configs/private/variables/key","updateTime":"2025-04-28T02:10:12.495953596Z","text":"-----BEGIN PRIVATE KEY-----\\nMIIEvgIBADANBgkqhkiG9w0BAQEFAASCBKgwggSkAgEAAoIBAQDsDqgckT3Jqeiq\\nhdeWNg7YRsFeNIQDKaR8hGDM1hOq9ZquTkGGCsf0+cTShm7mnNPw7rZl5R7MfTmK\\n5I6Sf27ZROJ3OvIF17eEgDz0veWplGtzxoFQZpM6C20SIydnP1ByKsZ3FixsYoid\\n0MJfDbhX+bUw6zP8R8f/as/kunXoN/rT+4vsuQlBsaqJsgfBE4vnsop8MW7xpCue\\neXDYjAnHS/2VSIaVa6XxerISbj0aUStINgwVLGkcLBDZaEC7DJvVGwBSVk4n+jgX\\nrhbe9J+/wx1JS6VQx4ol5fMemoxeyubTK5Xi8BpCuMGCbzF7Z+JHnd5cSQG9ymUv\\n+VBIlnI7AgMBAAECggEAZIWJSUEAUtQr5BHC0JCMmcTnqzopzT76cJverNus3Gxi\\nRj/E31PP+p4yFoRwzXuTNVIyEgoTp3jb/C2AGRpzFcqjtapATgSifaYuTvpexmwR\\npeeuQZKst1cOR1749Jqdo0Bb63Jh0HXVP38ahmfNTIllg0Nli9T1cesGRJyygQQk\\nLSO+sCuXNIJ98j7Inl7qg9MDY+0Ocl6WIvv5dqET8jvTPK/sjQhdxHFH0UKuhQjp\\nZV3412GDy1hPdLpTeZSRh+4jUyzD2y7pgEoK/tmE6gU8UrBtJ2f1Pvq1hq7jnb+t\\na5nxxHBznezfdd9bTtxs7WlpwiD/tZVYSj5pUZE5YQKBgQD+Dag4VBVOXWlpO9Ow\\n1rQygAy2Cjcbn1R3cuvrL1zrsyAnB8GF1GisEej/pIO13A7U0TOq4HQDN9v9m72q\\ngNozOdD743Clw3SLDDKS2+tf41EojywvULowxL/dPwEQFsuatIHDV+MGylchIT5v\\nx9QQMlEwtLSFRIQH8traww77LwKBgQDt3bLyi/W+C9t6Pk3uJjiq8i7FhXUJ1S6j\\nwSBuxyNaOSirSc04VWK3aq1cQNXfaqliHK3uYmFV4uF/GxYOSMzHq8RRjDaSj7hN\\n+7WIQouU4XPE4aIfXziQ+kPNIxvnhqx0Vz+MxRPTrYHBhiZvdFKoWPmKumCybIh3\\nSzh6SrBGtQKBgQCenzpUCTPQXQSO3vrapAOYsFi/ZHtp9L5RYmCo1EapJ4tAs1gC\\nTlAYd4pJ65cM+lwMRp6C52eoBr2FiDMQ/Si/6S5xx10zMmlW1APTrBo3IYAv2czV\\nsgq+nmnJIyhvujvf2SpYJEyslbN3DQGl21et0SzeQ0WfG9tv9xLsmfOFowKBgQDq\\nlb9alw93Kwh8CaAfoxA1/vyDjje7x8PkeZ27wqcp3r8uFm3PBd6CVzG7jrGeUfnU\\nqcYbGGk4I7YR/auF0OQsc0j8x5Q2fIjeV8RTKpWv8ZyT6ZZS7DzENhzR3bMyZc4E\\nOtuQv/fqxe325o9XUdgG8SDBYUfmD0WSqNt9N9WbFQKBgBYXg4B9Z9zJ7gR+6xZa\\naWCqs/oM90+hU7FicW9ToMuc8OJPQQc23yN7upv+/g0jeD/e2hseclMnOgseZcUZ\\nHJol9RZKcyleATO4pp1z5OM2c0ETbZ+Ukw48gC6zvXf+watj1xEvuFbUChdtHRhv\\n+MBZFuisUTu29PheT2uGFV+0\\n-----END PRIVATE KEY-----\\n"}
[debug] [2025-04-29T17:01:56.481Z] <<< [apiv2][status] GET https://runtimeconfig.googleapis.com/v1beta1/projects/atom-tech-test/configs/project/variables/id 200
[debug] [2025-04-29T17:01:56.482Z] <<< [apiv2][body] GET https://runtimeconfig.googleapis.com/v1beta1/projects/atom-tech-test/configs/project/variables/id {"name":"projects/atom-tech-test/configs/project/variables/id","updateTime":"2025-04-28T02:10:12.546954867Z","text":"atom-tech-test"}
[debug] [2025-04-29T17:01:56.483Z] Validating nodejs source
[debug] [2025-04-29T17:01:57.100Z] > [functions] package.json contents: {
  "name": "functions",
  "scripts": {
    "lint": "eslint --ext .js,.ts .",
    "build": "tsc",
    "build:watch": "tsc --watch",
    "serve": "npm run build && firebase emulators:start --only functions",
    "serve:watch": "npm run build:watch & firebase emulators:start --only functions",
    "shell": "npm run build && firebase functions:shell",
    "start": "npm run shell",
    "deploy": "firebase deploy --only functions",
    "logs": "firebase functions:log"
  },
  "engines": {
    "node": "22"
  },
  "main": "lib/index.js",
  "dependencies": {
    "@scalar/express-api-reference": "^0.7.1",
    "express": "^5.1.0",
    "firebase-admin": "^12.6.0",
    "firebase-functions": "^6.0.1",
    "http-status-codes": "^2.3.0",
    "zod": "^3.24.3"
  },
  "devDependencies": {
    "@types/express": "^4.17.21",
    "@types/node": "^22.15.2",
    "@typescript-eslint/eslint-plugin": "^5.12.0",
    "@typescript-eslint/parser": "^5.12.0",
    "eslint": "^8.9.0",
    "eslint-config-google": "^0.14.0",
    "eslint-config-prettier": "^10.1.2",
    "eslint-plugin-import": "^2.25.4",
    "firebase-functions-test": "^3.1.0",
    "typescript": "^5.8.3"
  },
  "private": true
}
[debug] [2025-04-29T17:01:57.100Z] Building nodejs source
[info] i  functions: Loading and analyzing source code for codebase default to determine what to deploy 
[debug] [2025-04-29T17:01:57.102Z] Could not find functions.yaml. Must use http discovery
[debug] [2025-04-29T17:01:57.107Z] Found firebase-functions binary at '/home/phantomjoker/Projects-WSL/js-ts-projects/fullstack/atom-tasks-test/atom-tasks-cloudfunctions-test/functions/node_modules/.bin/firebase-functions'
[info] Serving at port 8412

[debug] [2025-04-29T17:01:57.543Z] Got response from /__/functions.yaml {"endpoints":{"api":{"availableMemoryMb":null,"timeoutSeconds":null,"minInstances":null,"maxInstances":null,"ingressSettings":null,"concurrency":null,"serviceAccountEmail":null,"vpc":null,"platform":"gcfv2","labels":{},"httpsTrigger":{},"entryPoint":"api"}},"specVersion":"v1alpha1","requiredAPIs":[],"extensions":{}}
[info] i  extensions: ensuring required API firebaseextensions.googleapis.com is enabled... 
[debug] [2025-04-29T17:02:01.568Z] Checked if tokens are valid: true, expires at: 1745949701473
[debug] [2025-04-29T17:02:01.568Z] Checked if tokens are valid: true, expires at: 1745949701473
[debug] [2025-04-29T17:02:01.568Z] >>> [apiv2][query] GET https://serviceusage.googleapis.com/v1/projects/atom-tech-test/services/firebaseextensions.googleapis.com [none]
[debug] [2025-04-29T17:02:01.568Z] >>> [apiv2][(partial)header] GET https://serviceusage.googleapis.com/v1/projects/atom-tech-test/services/firebaseextensions.googleapis.com x-goog-quota-user=projects/atom-tech-test
[debug] [2025-04-29T17:02:02.071Z] <<< [apiv2][status] GET https://serviceusage.googleapis.com/v1/projects/atom-tech-test/services/firebaseextensions.googleapis.com 200
[debug] [2025-04-29T17:02:02.071Z] <<< [apiv2][body] GET https://serviceusage.googleapis.com/v1/projects/atom-tech-test/services/firebaseextensions.googleapis.com [omitted]
[info] ✔  extensions: required API firebaseextensions.googleapis.com is enabled 
[debug] [2025-04-29T17:02:02.071Z] > command requires scopes: ["email","openid","https://www.googleapis.com/auth/cloudplatformprojects.readonly","https://www.googleapis.com/auth/firebase","https://www.googleapis.com/auth/cloud-platform"]
[debug] [2025-04-29T17:02:02.071Z] > authorizing via signed-in user (luisangelmarcia@gmail.com)
[debug] [2025-04-29T17:02:02.072Z] [iam] checking project atom-tech-test for permissions ["firebase.projects.get","firebaseextensions.instances.list"]
[debug] [2025-04-29T17:02:02.072Z] Checked if tokens are valid: true, expires at: 1745949701473
[debug] [2025-04-29T17:02:02.072Z] Checked if tokens are valid: true, expires at: 1745949701473
[debug] [2025-04-29T17:02:02.072Z] >>> [apiv2][query] POST https://cloudresourcemanager.googleapis.com/v1/projects/atom-tech-test:testIamPermissions [none]
[debug] [2025-04-29T17:02:02.072Z] >>> [apiv2][(partial)header] POST https://cloudresourcemanager.googleapis.com/v1/projects/atom-tech-test:testIamPermissions x-goog-quota-user=projects/atom-tech-test
[debug] [2025-04-29T17:02:02.072Z] >>> [apiv2][body] POST https://cloudresourcemanager.googleapis.com/v1/projects/atom-tech-test:testIamPermissions {"permissions":["firebase.projects.get","firebaseextensions.instances.list"]}
[debug] [2025-04-29T17:02:02.381Z] <<< [apiv2][status] POST https://cloudresourcemanager.googleapis.com/v1/projects/atom-tech-test:testIamPermissions 200
[debug] [2025-04-29T17:02:02.381Z] <<< [apiv2][body] POST https://cloudresourcemanager.googleapis.com/v1/projects/atom-tech-test:testIamPermissions {"permissions":["firebase.projects.get","firebaseextensions.instances.list"]}
[debug] [2025-04-29T17:02:02.381Z] Checked if tokens are valid: true, expires at: 1745949701473
[debug] [2025-04-29T17:02:02.381Z] Checked if tokens are valid: true, expires at: 1745949701473
[debug] [2025-04-29T17:02:02.382Z] >>> [apiv2][query] GET https://firebaseextensions.googleapis.com/v1beta/projects/atom-tech-test/instances pageSize=100&pageToken=
[debug] [2025-04-29T17:02:02.940Z] <<< [apiv2][status] GET https://firebaseextensions.googleapis.com/v1beta/projects/atom-tech-test/instances 200
[debug] [2025-04-29T17:02:02.940Z] <<< [apiv2][body] GET https://firebaseextensions.googleapis.com/v1beta/projects/atom-tech-test/instances {}
[info] i  functions: preparing functions directory for uploading... 
[info] i  functions: packaged /home/phantomjoker/Projects-WSL/js-ts-projects/fullstack/atom-tasks-test/atom-tasks-cloudfunctions-test/functions (119.57 KB) for uploading 
[debug] [2025-04-29T17:02:03.052Z] Checked if tokens are valid: true, expires at: 1745949701473
[debug] [2025-04-29T17:02:03.052Z] Checked if tokens are valid: true, expires at: 1745949701473
[debug] [2025-04-29T17:02:03.052Z] >>> [apiv2][query] GET https://cloudfunctions.googleapis.com/v1/projects/atom-tech-test/locations/-/functions [none]
[debug] [2025-04-29T17:02:03.856Z] <<< [apiv2][status] GET https://cloudfunctions.googleapis.com/v1/projects/atom-tech-test/locations/-/functions 200
[debug] [2025-04-29T17:02:03.856Z] <<< [apiv2][body] GET https://cloudfunctions.googleapis.com/v1/projects/atom-tech-test/locations/-/functions {}
[debug] [2025-04-29T17:02:03.856Z] Checked if tokens are valid: true, expires at: 1745949701473
[debug] [2025-04-29T17:02:03.856Z] Checked if tokens are valid: true, expires at: 1745949701473
[debug] [2025-04-29T17:02:03.856Z] >>> [apiv2][query] GET https://cloudfunctions.googleapis.com/v2/projects/atom-tech-test/locations/-/functions filter=environment%3D%22GEN_2%22
[debug] [2025-04-29T17:02:04.348Z] <<< [apiv2][status] GET https://cloudfunctions.googleapis.com/v2/projects/atom-tech-test/locations/-/functions 200
[debug] [2025-04-29T17:02:04.348Z] <<< [apiv2][body] GET https://cloudfunctions.googleapis.com/v2/projects/atom-tech-test/locations/-/functions {"functions":[{"name":"projects/atom-tech-test/locations/us-central1/functions/api","buildConfig":{"build":"projects/710190728687/locations/us-central1/builds/c43691c5-b908-433c-a46f-d0a15fd3f215","runtime":"nodejs22","entryPoint":"api","source":{"storageSource":{"bucket":"gcf-v2-sources-710190728687-us-central1","object":"api/function-source.zip","generation":"1745942307001783"}},"environmentVariables":{"GOOGLE_NODE_RUN_SCRIPTS":""},"dockerRepository":"projects/atom-tech-test/locations/us-central1/repositories/gcf-artifacts","sourceProvenance":{"resolvedStorageSource":{"bucket":"gcf-v2-sources-710190728687-us-central1","object":"api/function-source.zip","generation":"1745942307001783"}},"dockerRegistry":"ARTIFACT_REGISTRY","serviceAccount":"projects/atom-tech-test/serviceAccounts/710190728687-compute@developer.gserviceaccount.com","automaticUpdatePolicy":{}},"serviceConfig":{"service":"projects/atom-tech-test/locations/us-central1/services/api","timeoutSeconds":60,"environmentVariables":{"FIREBASE_CONFIG":"{\"projectId\":\"atom-tech-test\",\"storageBucket\":\"atom-tech-test.firebasestorage.app\"}","GCLOUD_PROJECT":"atom-tech-test","EVENTARC_CLOUD_EVENT_SOURCE":"projects/atom-tech-test/locations/us-central1/services/api","FUNCTION_TARGET":"api","LOG_EXECUTION_ID":"true"},"maxInstanceCount":40,"ingressSettings":"ALLOW_ALL","uri":"https://api-hwsfzqxvpq-uc.a.run.app","serviceAccountEmail":"710190728687-compute@developer.gserviceaccount.com","availableMemory":"256Mi","allTrafficOnLatestRevision":true,"revision":"api-00001-has","maxInstanceRequestConcurrency":80,"availableCpu":"1"},"state":"ACTIVE","updateTime":"2025-04-29T16:00:43.256839259Z","labels":{"deployment-tool":"cli-firebase","firebase-functions-hash":"bf1825c8b000bd926ec33ea432997285c3bc7285"},"environment":"GEN_2","url":"https://us-central1-atom-tech-test.cloudfunctions.net/api","createTime":"2025-04-29T15:58:27.287938948Z","satisfiesPzi":true}]}
[info] i  functions: ensuring required API run.googleapis.com is enabled... 
[debug] [2025-04-29T17:02:04.350Z] Checked if tokens are valid: true, expires at: 1745949701473
[debug] [2025-04-29T17:02:04.350Z] Checked if tokens are valid: true, expires at: 1745949701473
[info] i  functions: ensuring required API eventarc.googleapis.com is enabled... 
[debug] [2025-04-29T17:02:04.350Z] Checked if tokens are valid: true, expires at: 1745949701473
[debug] [2025-04-29T17:02:04.350Z] Checked if tokens are valid: true, expires at: 1745949701473
[info] i  functions: ensuring required API pubsub.googleapis.com is enabled... 
[debug] [2025-04-29T17:02:04.350Z] Checked if tokens are valid: true, expires at: 1745949701473
[debug] [2025-04-29T17:02:04.350Z] Checked if tokens are valid: true, expires at: 1745949701473
[info] i  functions: ensuring required API storage.googleapis.com is enabled... 
[debug] [2025-04-29T17:02:04.350Z] Checked if tokens are valid: true, expires at: 1745949701473
[debug] [2025-04-29T17:02:04.350Z] Checked if tokens are valid: true, expires at: 1745949701473
[debug] [2025-04-29T17:02:04.350Z] >>> [apiv2][query] GET https://serviceusage.googleapis.com/v1/projects/atom-tech-test/services/run.googleapis.com [none]
[debug] [2025-04-29T17:02:04.350Z] >>> [apiv2][(partial)header] GET https://serviceusage.googleapis.com/v1/projects/atom-tech-test/services/run.googleapis.com x-goog-quota-user=projects/atom-tech-test
[debug] [2025-04-29T17:02:04.350Z] >>> [apiv2][query] GET https://serviceusage.googleapis.com/v1/projects/atom-tech-test/services/eventarc.googleapis.com [none]
[debug] [2025-04-29T17:02:04.350Z] >>> [apiv2][(partial)header] GET https://serviceusage.googleapis.com/v1/projects/atom-tech-test/services/eventarc.googleapis.com x-goog-quota-user=projects/atom-tech-test
[debug] [2025-04-29T17:02:04.351Z] >>> [apiv2][query] GET https://serviceusage.googleapis.com/v1/projects/atom-tech-test/services/pubsub.googleapis.com [none]
[debug] [2025-04-29T17:02:04.351Z] >>> [apiv2][(partial)header] GET https://serviceusage.googleapis.com/v1/projects/atom-tech-test/services/pubsub.googleapis.com x-goog-quota-user=projects/atom-tech-test
[debug] [2025-04-29T17:02:04.352Z] >>> [apiv2][query] GET https://serviceusage.googleapis.com/v1/projects/atom-tech-test/services/storage.googleapis.com [none]
[debug] [2025-04-29T17:02:04.352Z] >>> [apiv2][(partial)header] GET https://serviceusage.googleapis.com/v1/projects/atom-tech-test/services/storage.googleapis.com x-goog-quota-user=projects/atom-tech-test
[debug] [2025-04-29T17:02:04.745Z] <<< [apiv2][status] GET https://serviceusage.googleapis.com/v1/projects/atom-tech-test/services/run.googleapis.com 200
[debug] [2025-04-29T17:02:04.745Z] <<< [apiv2][body] GET https://serviceusage.googleapis.com/v1/projects/atom-tech-test/services/run.googleapis.com [omitted]
[info] ✔  functions: required API run.googleapis.com is enabled 
[debug] [2025-04-29T17:02:04.822Z] <<< [apiv2][status] GET https://serviceusage.googleapis.com/v1/projects/atom-tech-test/services/eventarc.googleapis.com 200
[debug] [2025-04-29T17:02:04.822Z] <<< [apiv2][body] GET https://serviceusage.googleapis.com/v1/projects/atom-tech-test/services/eventarc.googleapis.com [omitted]
[info] ✔  functions: required API eventarc.googleapis.com is enabled 
[debug] [2025-04-29T17:02:04.830Z] <<< [apiv2][status] GET https://serviceusage.googleapis.com/v1/projects/atom-tech-test/services/pubsub.googleapis.com 200
[debug] [2025-04-29T17:02:04.830Z] <<< [apiv2][body] GET https://serviceusage.googleapis.com/v1/projects/atom-tech-test/services/pubsub.googleapis.com [omitted]
[info] ✔  functions: required API pubsub.googleapis.com is enabled 
[debug] [2025-04-29T17:02:04.849Z] <<< [apiv2][status] GET https://serviceusage.googleapis.com/v1/projects/atom-tech-test/services/storage.googleapis.com 200
[debug] [2025-04-29T17:02:04.849Z] <<< [apiv2][body] GET https://serviceusage.googleapis.com/v1/projects/atom-tech-test/services/storage.googleapis.com [omitted]
[info] ✔  functions: required API storage.googleapis.com is enabled 
[info] i  functions: generating the service identity for pubsub.googleapis.com... 
[debug] [2025-04-29T17:02:04.849Z] Checked if tokens are valid: true, expires at: 1745949701473
[debug] [2025-04-29T17:02:04.850Z] Checked if tokens are valid: true, expires at: 1745949701473
[info] i  functions: generating the service identity for eventarc.googleapis.com... 
[debug] [2025-04-29T17:02:04.850Z] Checked if tokens are valid: true, expires at: 1745949701473
[debug] [2025-04-29T17:02:04.850Z] Checked if tokens are valid: true, expires at: 1745949701473
[debug] [2025-04-29T17:02:04.850Z] >>> [apiv2][query] POST https://serviceusage.googleapis.com/v1beta1/projects/710190728687/services/pubsub.googleapis.com:generateServiceIdentity [none]
[debug] [2025-04-29T17:02:04.850Z] >>> [apiv2][query] POST https://serviceusage.googleapis.com/v1beta1/projects/710190728687/services/eventarc.googleapis.com:generateServiceIdentity [none]
[debug] [2025-04-29T17:02:05.170Z] <<< [apiv2][status] POST https://serviceusage.googleapis.com/v1beta1/projects/710190728687/services/pubsub.googleapis.com:generateServiceIdentity 200
[debug] [2025-04-29T17:02:05.170Z] <<< [apiv2][body] POST https://serviceusage.googleapis.com/v1beta1/projects/710190728687/services/pubsub.googleapis.com:generateServiceIdentity {"name":"operations/finished.DONE_OPERATION","done":true,"response":{"@type":"type.googleapis.com/google.api.serviceusage.v1beta1.ServiceIdentity","email":"service-710190728687@gcp-sa-pubsub.iam.gserviceaccount.com","uniqueId":"106079979041445450575"}}
[debug] [2025-04-29T17:02:05.209Z] <<< [apiv2][status] POST https://serviceusage.googleapis.com/v1beta1/projects/710190728687/services/eventarc.googleapis.com:generateServiceIdentity 200
[debug] [2025-04-29T17:02:05.209Z] <<< [apiv2][body] POST https://serviceusage.googleapis.com/v1beta1/projects/710190728687/services/eventarc.googleapis.com:generateServiceIdentity {"name":"operations/finished.DONE_OPERATION","done":true,"response":{"@type":"type.googleapis.com/google.api.serviceusage.v1beta1.ServiceIdentity","email":"service-710190728687@gcp-sa-eventarc.iam.gserviceaccount.com","uniqueId":"101765740754760139661"}}
[debug] [2025-04-29T17:02:05.210Z] Checked if tokens are valid: true, expires at: 1745949701473
[debug] [2025-04-29T17:02:05.210Z] Checked if tokens are valid: true, expires at: 1745949701473
[debug] [2025-04-29T17:02:05.210Z] >>> [apiv2][query] GET https://cloudresourcemanager.googleapis.com/v1/projects/atom-tech-test [none]
[debug] [2025-04-29T17:02:05.348Z] <<< [apiv2][status] GET https://cloudresourcemanager.googleapis.com/v1/projects/atom-tech-test 200
[debug] [2025-04-29T17:02:05.349Z] <<< [apiv2][body] GET https://cloudresourcemanager.googleapis.com/v1/projects/atom-tech-test {"projectNumber":"710190728687","projectId":"atom-tech-test","lifecycleState":"ACTIVE","name":"atom-tech-test","labels":{"firebase":"enabled","firebase-core":"disabled"},"createTime":"2025-04-28T00:30:23.479335Z"}
[debug] [2025-04-29T17:02:05.350Z] Checked if tokens are valid: true, expires at: 1745949701473
[debug] [2025-04-29T17:02:05.350Z] Checked if tokens are valid: true, expires at: 1745949701473
[debug] [2025-04-29T17:02:05.350Z] >>> [apiv2][query] GET https://cloudbilling.googleapis.com/v1/projects/atom-tech-test/billingInfo [none]
[debug] [2025-04-29T17:02:05.733Z] <<< [apiv2][status] GET https://cloudbilling.googleapis.com/v1/projects/atom-tech-test/billingInfo 200
[debug] [2025-04-29T17:02:05.733Z] <<< [apiv2][body] GET https://cloudbilling.googleapis.com/v1/projects/atom-tech-test/billingInfo {"name":"projects/atom-tech-test/billingInfo","projectId":"atom-tech-test","billingAccountName":"billingAccounts/013233-A89E9D-3FF07E","billingEnabled":true}
[debug] [2025-04-29T17:02:05.734Z] Checked if tokens are valid: true, expires at: 1745949701473
[debug] [2025-04-29T17:02:05.734Z] Checked if tokens are valid: true, expires at: 1745949701473
[debug] [2025-04-29T17:02:05.734Z] >>> [apiv2][query] POST https://cloudfunctions.googleapis.com/v2/projects/atom-tech-test/locations/us-central1/functions:generateUploadUrl [none]
[debug] [2025-04-29T17:02:06.116Z] <<< [apiv2][status] POST https://cloudfunctions.googleapis.com/v2/projects/atom-tech-test/locations/us-central1/functions:generateUploadUrl 200
[debug] [2025-04-29T17:02:06.116Z] <<< [apiv2][body] POST https://cloudfunctions.googleapis.com/v2/projects/atom-tech-test/locations/us-central1/functions:generateUploadUrl {"uploadUrl":"https://storage.googleapis.com/gcf-v2-uploads-710190728687.us-central1.cloudfunctions.appspot.com/5e21ba8b-cc33-4498-bfb5-28c24e7d7ee4.zip?GoogleAccessId=service-710190728687@gcf-admin-robot.iam.gserviceaccount.com&Expires=1745947926&Signature=BX88aEbIhFuFd3sjo4zFbszpe6XsSgRbHRO0Bujl6nNzC9VcQbGCInNNaijgiivAiXEfb1xpa%2B26Ca6vLUhUgsRpgzomcvyZc8RBg9Yc6Bi4pskV0%2F2V1yZNYug%2BdrzWwTVRk09vi%2Bey8uEvJMszmo3HC50A4BB3JsVYu3cULgcIl1BDdTN%2FxjNSEJL7Agk7ldkqhaoMdSvscOobuvteaLgevw7ONVmAEkV%2FvAyqWNFOtgIGNClR%2FJs2AGfpwiXe%2FrVfHiez6DrW3JxbZb42bNjuG39LiRDgn41Bp2S6FfVDqiYQaVauDUEivQVf2IQ91CQLHVBizmO5%2BL7Adpn4kg%3D%3D","storageSource":{"bucket":"gcf-v2-uploads-710190728687.us-central1.cloudfunctions.appspot.com","object":"5e21ba8b-cc33-4498-bfb5-28c24e7d7ee4.zip"}}
[debug] [2025-04-29T17:02:06.117Z] >>> [apiv2][query] PUT https://storage.googleapis.com/gcf-v2-uploads-710190728687.us-central1.cloudfunctions.appspot.com/5e21ba8b-cc33-4498-bfb5-28c24e7d7ee4.zip GoogleAccessId=service-710190728687%40gcf-admin-robot.iam.gserviceaccount.com&Expires=1745947926&Signature=BX88aEbIhFuFd3sjo4zFbszpe6XsSgRbHRO0Bujl6nNzC9VcQbGCInNNaijgiivAiXEfb1xpa%2B26Ca6vLUhUgsRpgzomcvyZc8RBg9Yc6Bi4pskV0%2F2V1yZNYug%2BdrzWwTVRk09vi%2Bey8uEvJMszmo3HC50A4BB3JsVYu3cULgcIl1BDdTN%2FxjNSEJL7Agk7ldkqhaoMdSvscOobuvteaLgevw7ONVmAEkV%2FvAyqWNFOtgIGNClR%2FJs2AGfpwiXe%2FrVfHiez6DrW3JxbZb42bNjuG39LiRDgn41Bp2S6FfVDqiYQaVauDUEivQVf2IQ91CQLHVBizmO5%2BL7Adpn4kg%3D%3D
[debug] [2025-04-29T17:02:06.117Z] >>> [apiv2][body] PUT https://storage.googleapis.com/gcf-v2-uploads-710190728687.us-central1.cloudfunctions.appspot.com/5e21ba8b-cc33-4498-bfb5-28c24e7d7ee4.zip [stream]
[debug] [2025-04-29T17:02:06.618Z] <<< [apiv2][status] PUT https://storage.googleapis.com/gcf-v2-uploads-710190728687.us-central1.cloudfunctions.appspot.com/5e21ba8b-cc33-4498-bfb5-28c24e7d7ee4.zip 200
[debug] [2025-04-29T17:02:06.619Z] <<< [apiv2][body] PUT https://storage.googleapis.com/gcf-v2-uploads-710190728687.us-central1.cloudfunctions.appspot.com/5e21ba8b-cc33-4498-bfb5-28c24e7d7ee4.zip [omitted]
[info] ✔  functions: functions folder uploaded successfully 
[info] i  functions: updating Node.js 22 (2nd Gen) function api(us-central1)... 
[debug] [2025-04-29T17:02:06.622Z] Checked if tokens are valid: true, expires at: 1745949701473
[debug] [2025-04-29T17:02:06.622Z] Checked if tokens are valid: true, expires at: 1745949701473
[debug] [2025-04-29T17:02:06.622Z] >>> [apiv2][query] PATCH https://cloudfunctions.googleapis.com/v2/projects/atom-tech-test/locations/us-central1/functions/api updateMask=name%2CbuildConfig.runtime%2CbuildConfig.entryPoint%2CbuildConfig.source.storageSource.bucket%2CbuildConfig.source.storageSource.object%2CbuildConfig.environmentVariables%2CbuildConfig.sourceToken%2CserviceConfig.environmentVariables%2CserviceConfig.ingressSettings%2CserviceConfig.timeoutSeconds%2CserviceConfig.serviceAccountEmail%2CserviceConfig.availableMemory%2CserviceConfig.minInstanceCount%2CserviceConfig.maxInstanceCount%2CserviceConfig.maxInstanceRequestConcurrency%2CserviceConfig.availableCpu%2CserviceConfig.vpcConnector%2CserviceConfig.vpcConnectorEgressSettings%2Clabels%2CbuildConfig.buildEnvironmentVariables
[debug] [2025-04-29T17:02:06.622Z] >>> [apiv2][body] PATCH https://cloudfunctions.googleapis.com/v2/projects/atom-tech-test/locations/us-central1/functions/api {"name":"projects/atom-tech-test/locations/us-central1/functions/api","buildConfig":{"runtime":"nodejs22","entryPoint":"api","source":{"storageSource":{"bucket":"gcf-v2-uploads-710190728687.us-central1.cloudfunctions.appspot.com","object":"5e21ba8b-cc33-4498-bfb5-28c24e7d7ee4.zip"}},"environmentVariables":{"GOOGLE_NODE_RUN_SCRIPTS":""}},"serviceConfig":{"environmentVariables":{"FIREBASE_CONFIG":"{\"projectId\":\"atom-tech-test\",\"storageBucket\":\"atom-tech-test.firebasestorage.app\"}","GCLOUD_PROJECT":"atom-tech-test","EVENTARC_CLOUD_EVENT_SOURCE":"projects/atom-tech-test/locations/us-central1/services/api","FUNCTION_TARGET":"api","LOG_EXECUTION_ID":"true"},"ingressSettings":null,"timeoutSeconds":null,"serviceAccountEmail":null,"availableMemory":"256Mi","minInstanceCount":null,"maxInstanceCount":null,"maxInstanceRequestConcurrency":80,"availableCpu":"1","vpcConnector":null,"vpcConnectorEgressSettings":null},"labels":{"deployment-tool":"cli-firebase","firebase-functions-hash":"25bc4e30baefd4a6b9b30421809744a9cb302818"}}
[debug] [2025-04-29T17:02:07.827Z] <<< [apiv2][status] PATCH https://cloudfunctions.googleapis.com/v2/projects/atom-tech-test/locations/us-central1/functions/api 200
[debug] [2025-04-29T17:02:07.827Z] <<< [apiv2][body] PATCH https://cloudfunctions.googleapis.com/v2/projects/atom-tech-test/locations/us-central1/functions/api {"name":"projects/atom-tech-test/locations/us-central1/operations/operation-1745946127772-633edc2be29dc-512beb9b-3a6f2be5","metadata":{"@type":"type.googleapis.com/google.cloud.functions.v2.OperationMetadata","createTime":"2025-04-29T17:02:08.650207847Z","target":"projects/atom-tech-test/locations/us-central1/functions/api","verb":"update","cancelRequested":false,"apiVersion":"v2"},"done":false}
[debug] [2025-04-29T17:02:07.827Z] Checked if tokens are valid: true, expires at: 1745949701473
[debug] [2025-04-29T17:02:07.827Z] Checked if tokens are valid: true, expires at: 1745949701473
[debug] [2025-04-29T17:02:07.827Z] >>> [apiv2][query] GET https://cloudfunctions.googleapis.com/v2/projects/atom-tech-test/locations/us-central1/operations/operation-1745946127772-633edc2be29dc-512beb9b-3a6f2be5 [none]
[debug] [2025-04-29T17:02:08.146Z] <<< [apiv2][status] GET https://cloudfunctions.googleapis.com/v2/projects/atom-tech-test/locations/us-central1/operations/operation-1745946127772-633edc2be29dc-512beb9b-3a6f2be5 200
[debug] [2025-04-29T17:02:08.146Z] <<< [apiv2][body] GET https://cloudfunctions.googleapis.com/v2/projects/atom-tech-test/locations/us-central1/operations/operation-1745946127772-633edc2be29dc-512beb9b-3a6f2be5 {"name":"projects/atom-tech-test/locations/us-central1/operations/operation-1745946127772-633edc2be29dc-512beb9b-3a6f2be5","metadata":{"@type":"type.googleapis.com/google.cloud.functions.v2.OperationMetadata","createTime":"2025-04-29T17:02:08.650207847Z","target":"projects/atom-tech-test/locations/us-central1/functions/api","verb":"update","cancelRequested":false,"apiVersion":"v2","requestResource":{"@type":"type.googleapis.com/google.cloud.functions.v2.Function","name":"projects/atom-tech-test/locations/us-central1/functions/api","buildConfig":{"runtime":"nodejs22","entryPoint":"api","source":{"storageSource":{"bucket":"gcf-v2-sources-710190728687-us-central1","object":"api/function-source.zip","generation":"1745946128535308"}},"environmentVariables":{"GOOGLE_NODE_RUN_SCRIPTS":""},"dockerRepository":"projects/atom-tech-test/locations/us-central1/repositories/gcf-artifacts","sourceProvenance":{"resolvedStorageSource":{"bucket":"gcf-v2-sources-710190728687-us-central1","object":"api/function-source.zip","generation":"1745942307001783"}},"dockerRegistry":"ARTIFACT_REGISTRY","serviceAccount":"projects/atom-tech-test/serviceAccounts/710190728687-compute@developer.gserviceaccount.com","automaticUpdatePolicy":{}},"serviceConfig":{"service":"projects/atom-tech-test/locations/us-central1/services/api","timeoutSeconds":60,"environmentVariables":{"FIREBASE_CONFIG":"{\"projectId\":\"atom-tech-test\",\"storageBucket\":\"atom-tech-test.firebasestorage.app\"}","GCLOUD_PROJECT":"atom-tech-test","EVENTARC_CLOUD_EVENT_SOURCE":"projects/atom-tech-test/locations/us-central1/services/api","FUNCTION_TARGET":"api","LOG_EXECUTION_ID":"true"},"ingressSettings":"ALLOW_ALL","uri":"https://api-hwsfzqxvpq-uc.a.run.app","serviceAccountEmail":"710190728687-compute@developer.gserviceaccount.com","availableMemory":"256Mi","allTrafficOnLatestRevision":true,"revision":"api-00001-has","maxInstanceRequestConcurrency":80,"availableCpu":"1"},"state":"ACTIVE","labels":{"deployment-tool":"cli-firebase","firebase-functions-hash":"25bc4e30baefd4a6b9b30421809744a9cb302818"},"environment":"GEN_2","url":"https://us-central1-atom-tech-test.cloudfunctions.net/api","satisfiesPzi":true},"stages":[{"name":"BUILD","state":"NOT_STARTED"},{"name":"SERVICE","state":"NOT_STARTED"}],"operationType":"UPDATE_FUNCTION"},"done":false}
[debug] [2025-04-29T17:02:08.648Z] [update-default-us-central1-api] Retrying task index 0
[debug] [2025-04-29T17:02:08.648Z] Checked if tokens are valid: true, expires at: 1745949701473
[debug] [2025-04-29T17:02:08.648Z] Checked if tokens are valid: true, expires at: 1745949701473
[debug] [2025-04-29T17:02:08.648Z] >>> [apiv2][query] GET https://cloudfunctions.googleapis.com/v2/projects/atom-tech-test/locations/us-central1/operations/operation-1745946127772-633edc2be29dc-512beb9b-3a6f2be5 [none]
[debug] [2025-04-29T17:02:08.938Z] <<< [apiv2][status] GET https://cloudfunctions.googleapis.com/v2/projects/atom-tech-test/locations/us-central1/operations/operation-1745946127772-633edc2be29dc-512beb9b-3a6f2be5 200
[debug] [2025-04-29T17:02:08.938Z] <<< [apiv2][body] GET https://cloudfunctions.googleapis.com/v2/projects/atom-tech-test/locations/us-central1/operations/operation-1745946127772-633edc2be29dc-512beb9b-3a6f2be5 {"name":"projects/atom-tech-test/locations/us-central1/operations/operation-1745946127772-633edc2be29dc-512beb9b-3a6f2be5","metadata":{"@type":"type.googleapis.com/google.cloud.functions.v2.OperationMetadata","createTime":"2025-04-29T17:02:08.650207847Z","target":"projects/atom-tech-test/locations/us-central1/functions/api","verb":"update","cancelRequested":false,"apiVersion":"v2","requestResource":{"@type":"type.googleapis.com/google.cloud.functions.v2.Function","name":"projects/atom-tech-test/locations/us-central1/functions/api","buildConfig":{"runtime":"nodejs22","entryPoint":"api","source":{"storageSource":{"bucket":"gcf-v2-sources-710190728687-us-central1","object":"api/function-source.zip","generation":"1745946128535308"}},"environmentVariables":{"GOOGLE_NODE_RUN_SCRIPTS":""},"dockerRepository":"projects/atom-tech-test/locations/us-central1/repositories/gcf-artifacts","sourceProvenance":{"resolvedStorageSource":{"bucket":"gcf-v2-sources-710190728687-us-central1","object":"api/function-source.zip","generation":"1745942307001783"}},"dockerRegistry":"ARTIFACT_REGISTRY","serviceAccount":"projects/atom-tech-test/serviceAccounts/710190728687-compute@developer.gserviceaccount.com","automaticUpdatePolicy":{}},"serviceConfig":{"service":"projects/atom-tech-test/locations/us-central1/services/api","timeoutSeconds":60,"environmentVariables":{"FIREBASE_CONFIG":"{\"projectId\":\"atom-tech-test\",\"storageBucket\":\"atom-tech-test.firebasestorage.app\"}","GCLOUD_PROJECT":"atom-tech-test","EVENTARC_CLOUD_EVENT_SOURCE":"projects/atom-tech-test/locations/us-central1/services/api","FUNCTION_TARGET":"api","LOG_EXECUTION_ID":"true"},"ingressSettings":"ALLOW_ALL","uri":"https://api-hwsfzqxvpq-uc.a.run.app","serviceAccountEmail":"710190728687-compute@developer.gserviceaccount.com","availableMemory":"256Mi","allTrafficOnLatestRevision":true,"revision":"api-00001-has","maxInstanceRequestConcurrency":80,"availableCpu":"1"},"state":"ACTIVE","labels":{"deployment-tool":"cli-firebase","firebase-functions-hash":"25bc4e30baefd4a6b9b30421809744a9cb302818"},"environment":"GEN_2","url":"https://us-central1-atom-tech-test.cloudfunctions.net/api","satisfiesPzi":true},"stages":[{"name":"BUILD","message":"Build in progress","state":"IN_PROGRESS","resource":"projects/710190728687/locations/us-central1/builds/a73aa006-7252-4f64-844d-0ed13694aba0","resourceUri":"https://console.cloud.google.com/cloud-build/builds;region=us-central1/a73aa006-7252-4f64-844d-0ed13694aba0?project=710190728687"},{"name":"SERVICE","state":"NOT_STARTED"}],"operationType":"UPDATE_FUNCTION","buildName":"projects/710190728687/locations/us-central1/builds/a73aa006-7252-4f64-844d-0ed13694aba0"},"done":false}
[debug] [2025-04-29T17:02:09.938Z] [update-default-us-central1-api] Retrying task index 0
[debug] [2025-04-29T17:02:09.939Z] Checked if tokens are valid: true, expires at: 1745949701473
[debug] [2025-04-29T17:02:09.939Z] Checked if tokens are valid: true, expires at: 1745949701473
[debug] [2025-04-29T17:02:09.939Z] >>> [apiv2][query] GET https://cloudfunctions.googleapis.com/v2/projects/atom-tech-test/locations/us-central1/operations/operation-1745946127772-633edc2be29dc-512beb9b-3a6f2be5 [none]
[debug] [2025-04-29T17:02:10.216Z] <<< [apiv2][status] GET https://cloudfunctions.googleapis.com/v2/projects/atom-tech-test/locations/us-central1/operations/operation-1745946127772-633edc2be29dc-512beb9b-3a6f2be5 200
[debug] [2025-04-29T17:02:10.216Z] <<< [apiv2][body] GET https://cloudfunctions.googleapis.com/v2/projects/atom-tech-test/locations/us-central1/operations/operation-1745946127772-633edc2be29dc-512beb9b-3a6f2be5 {"name":"projects/atom-tech-test/locations/us-central1/operations/operation-1745946127772-633edc2be29dc-512beb9b-3a6f2be5","metadata":{"@type":"type.googleapis.com/google.cloud.functions.v2.OperationMetadata","createTime":"2025-04-29T17:02:08.650207847Z","target":"projects/atom-tech-test/locations/us-central1/functions/api","verb":"update","cancelRequested":false,"apiVersion":"v2","requestResource":{"@type":"type.googleapis.com/google.cloud.functions.v2.Function","name":"projects/atom-tech-test/locations/us-central1/functions/api","buildConfig":{"runtime":"nodejs22","entryPoint":"api","source":{"storageSource":{"bucket":"gcf-v2-sources-710190728687-us-central1","object":"api/function-source.zip","generation":"1745946128535308"}},"environmentVariables":{"GOOGLE_NODE_RUN_SCRIPTS":""},"dockerRepository":"projects/atom-tech-test/locations/us-central1/repositories/gcf-artifacts","sourceProvenance":{"resolvedStorageSource":{"bucket":"gcf-v2-sources-710190728687-us-central1","object":"api/function-source.zip","generation":"1745942307001783"}},"dockerRegistry":"ARTIFACT_REGISTRY","serviceAccount":"projects/atom-tech-test/serviceAccounts/710190728687-compute@developer.gserviceaccount.com","automaticUpdatePolicy":{}},"serviceConfig":{"service":"projects/atom-tech-test/locations/us-central1/services/api","timeoutSeconds":60,"environmentVariables":{"FIREBASE_CONFIG":"{\"projectId\":\"atom-tech-test\",\"storageBucket\":\"atom-tech-test.firebasestorage.app\"}","GCLOUD_PROJECT":"atom-tech-test","EVENTARC_CLOUD_EVENT_SOURCE":"projects/atom-tech-test/locations/us-central1/services/api","FUNCTION_TARGET":"api","LOG_EXECUTION_ID":"true"},"ingressSettings":"ALLOW_ALL","uri":"https://api-hwsfzqxvpq-uc.a.run.app","serviceAccountEmail":"710190728687-compute@developer.gserviceaccount.com","availableMemory":"256Mi","allTrafficOnLatestRevision":true,"revision":"api-00001-has","maxInstanceRequestConcurrency":80,"availableCpu":"1"},"state":"ACTIVE","labels":{"deployment-tool":"cli-firebase","firebase-functions-hash":"25bc4e30baefd4a6b9b30421809744a9cb302818"},"environment":"GEN_2","url":"https://us-central1-atom-tech-test.cloudfunctions.net/api","satisfiesPzi":true},"stages":[{"name":"BUILD","message":"Build in progress","state":"IN_PROGRESS","resource":"projects/710190728687/locations/us-central1/builds/a73aa006-7252-4f64-844d-0ed13694aba0","resourceUri":"https://console.cloud.google.com/cloud-build/builds;region=us-central1/a73aa006-7252-4f64-844d-0ed13694aba0?project=710190728687"},{"name":"SERVICE","state":"NOT_STARTED"}],"operationType":"UPDATE_FUNCTION","buildName":"projects/710190728687/locations/us-central1/builds/a73aa006-7252-4f64-844d-0ed13694aba0"},"done":false}
[debug] [2025-04-29T17:02:12.218Z] [update-default-us-central1-api] Retrying task index 0
[debug] [2025-04-29T17:02:12.218Z] Checked if tokens are valid: true, expires at: 1745949701473
[debug] [2025-04-29T17:02:12.218Z] Checked if tokens are valid: true, expires at: 1745949701473
[debug] [2025-04-29T17:02:12.219Z] >>> [apiv2][query] GET https://cloudfunctions.googleapis.com/v2/projects/atom-tech-test/locations/us-central1/operations/operation-1745946127772-633edc2be29dc-512beb9b-3a6f2be5 [none]
[debug] [2025-04-29T17:02:12.502Z] <<< [apiv2][status] GET https://cloudfunctions.googleapis.com/v2/projects/atom-tech-test/locations/us-central1/operations/operation-1745946127772-633edc2be29dc-512beb9b-3a6f2be5 200
[debug] [2025-04-29T17:02:12.503Z] <<< [apiv2][body] GET https://cloudfunctions.googleapis.com/v2/projects/atom-tech-test/locations/us-central1/operations/operation-1745946127772-633edc2be29dc-512beb9b-3a6f2be5 {"name":"projects/atom-tech-test/locations/us-central1/operations/operation-1745946127772-633edc2be29dc-512beb9b-3a6f2be5","metadata":{"@type":"type.googleapis.com/google.cloud.functions.v2.OperationMetadata","createTime":"2025-04-29T17:02:08.650207847Z","target":"projects/atom-tech-test/locations/us-central1/functions/api","verb":"update","cancelRequested":false,"apiVersion":"v2","requestResource":{"@type":"type.googleapis.com/google.cloud.functions.v2.Function","name":"projects/atom-tech-test/locations/us-central1/functions/api","buildConfig":{"runtime":"nodejs22","entryPoint":"api","source":{"storageSource":{"bucket":"gcf-v2-sources-710190728687-us-central1","object":"api/function-source.zip","generation":"1745946128535308"}},"environmentVariables":{"GOOGLE_NODE_RUN_SCRIPTS":""},"dockerRepository":"projects/atom-tech-test/locations/us-central1/repositories/gcf-artifacts","sourceProvenance":{"resolvedStorageSource":{"bucket":"gcf-v2-sources-710190728687-us-central1","object":"api/function-source.zip","generation":"1745942307001783"}},"dockerRegistry":"ARTIFACT_REGISTRY","serviceAccount":"projects/atom-tech-test/serviceAccounts/710190728687-compute@developer.gserviceaccount.com","automaticUpdatePolicy":{}},"serviceConfig":{"service":"projects/atom-tech-test/locations/us-central1/services/api","timeoutSeconds":60,"environmentVariables":{"FIREBASE_CONFIG":"{\"projectId\":\"atom-tech-test\",\"storageBucket\":\"atom-tech-test.firebasestorage.app\"}","GCLOUD_PROJECT":"atom-tech-test","EVENTARC_CLOUD_EVENT_SOURCE":"projects/atom-tech-test/locations/us-central1/services/api","FUNCTION_TARGET":"api","LOG_EXECUTION_ID":"true"},"ingressSettings":"ALLOW_ALL","uri":"https://api-hwsfzqxvpq-uc.a.run.app","serviceAccountEmail":"710190728687-compute@developer.gserviceaccount.com","availableMemory":"256Mi","allTrafficOnLatestRevision":true,"revision":"api-00001-has","maxInstanceRequestConcurrency":80,"availableCpu":"1"},"state":"ACTIVE","labels":{"deployment-tool":"cli-firebase","firebase-functions-hash":"25bc4e30baefd4a6b9b30421809744a9cb302818"},"environment":"GEN_2","url":"https://us-central1-atom-tech-test.cloudfunctions.net/api","satisfiesPzi":true},"stages":[{"name":"BUILD","message":"Build in progress","state":"IN_PROGRESS","resource":"projects/710190728687/locations/us-central1/builds/a73aa006-7252-4f64-844d-0ed13694aba0","resourceUri":"https://console.cloud.google.com/cloud-build/builds;region=us-central1/a73aa006-7252-4f64-844d-0ed13694aba0?project=710190728687"},{"name":"SERVICE","state":"NOT_STARTED"}],"operationType":"UPDATE_FUNCTION","buildName":"projects/710190728687/locations/us-central1/builds/a73aa006-7252-4f64-844d-0ed13694aba0"},"done":false}
[debug] [2025-04-29T17:02:16.504Z] [update-default-us-central1-api] Retrying task index 0
[debug] [2025-04-29T17:02:16.505Z] Checked if tokens are valid: true, expires at: 1745949701473
[debug] [2025-04-29T17:02:16.505Z] Checked if tokens are valid: true, expires at: 1745949701473
[debug] [2025-04-29T17:02:16.505Z] >>> [apiv2][query] GET https://cloudfunctions.googleapis.com/v2/projects/atom-tech-test/locations/us-central1/operations/operation-1745946127772-633edc2be29dc-512beb9b-3a6f2be5 [none]
[debug] [2025-04-29T17:02:16.809Z] <<< [apiv2][status] GET https://cloudfunctions.googleapis.com/v2/projects/atom-tech-test/locations/us-central1/operations/operation-1745946127772-633edc2be29dc-512beb9b-3a6f2be5 200
[debug] [2025-04-29T17:02:16.809Z] <<< [apiv2][body] GET https://cloudfunctions.googleapis.com/v2/projects/atom-tech-test/locations/us-central1/operations/operation-1745946127772-633edc2be29dc-512beb9b-3a6f2be5 {"name":"projects/atom-tech-test/locations/us-central1/operations/operation-1745946127772-633edc2be29dc-512beb9b-3a6f2be5","metadata":{"@type":"type.googleapis.com/google.cloud.functions.v2.OperationMetadata","createTime":"2025-04-29T17:02:08.650207847Z","target":"projects/atom-tech-test/locations/us-central1/functions/api","verb":"update","cancelRequested":false,"apiVersion":"v2","requestResource":{"@type":"type.googleapis.com/google.cloud.functions.v2.Function","name":"projects/atom-tech-test/locations/us-central1/functions/api","buildConfig":{"runtime":"nodejs22","entryPoint":"api","source":{"storageSource":{"bucket":"gcf-v2-sources-710190728687-us-central1","object":"api/function-source.zip","generation":"1745946128535308"}},"environmentVariables":{"GOOGLE_NODE_RUN_SCRIPTS":""},"dockerRepository":"projects/atom-tech-test/locations/us-central1/repositories/gcf-artifacts","sourceProvenance":{"resolvedStorageSource":{"bucket":"gcf-v2-sources-710190728687-us-central1","object":"api/function-source.zip","generation":"1745942307001783"}},"dockerRegistry":"ARTIFACT_REGISTRY","serviceAccount":"projects/atom-tech-test/serviceAccounts/710190728687-compute@developer.gserviceaccount.com","automaticUpdatePolicy":{}},"serviceConfig":{"service":"projects/atom-tech-test/locations/us-central1/services/api","timeoutSeconds":60,"environmentVariables":{"FIREBASE_CONFIG":"{\"projectId\":\"atom-tech-test\",\"storageBucket\":\"atom-tech-test.firebasestorage.app\"}","GCLOUD_PROJECT":"atom-tech-test","EVENTARC_CLOUD_EVENT_SOURCE":"projects/atom-tech-test/locations/us-central1/services/api","FUNCTION_TARGET":"api","LOG_EXECUTION_ID":"true"},"ingressSettings":"ALLOW_ALL","uri":"https://api-hwsfzqxvpq-uc.a.run.app","serviceAccountEmail":"710190728687-compute@developer.gserviceaccount.com","availableMemory":"256Mi","allTrafficOnLatestRevision":true,"revision":"api-00001-has","maxInstanceRequestConcurrency":80,"availableCpu":"1"},"state":"ACTIVE","labels":{"deployment-tool":"cli-firebase","firebase-functions-hash":"25bc4e30baefd4a6b9b30421809744a9cb302818"},"environment":"GEN_2","url":"https://us-central1-atom-tech-test.cloudfunctions.net/api","satisfiesPzi":true},"stages":[{"name":"BUILD","message":"Build in progress","state":"IN_PROGRESS","resource":"projects/710190728687/locations/us-central1/builds/a73aa006-7252-4f64-844d-0ed13694aba0","resourceUri":"https://console.cloud.google.com/cloud-build/builds;region=us-central1/a73aa006-7252-4f64-844d-0ed13694aba0?project=710190728687"},{"name":"SERVICE","state":"NOT_STARTED"}],"operationType":"UPDATE_FUNCTION","buildName":"projects/710190728687/locations/us-central1/builds/a73aa006-7252-4f64-844d-0ed13694aba0"},"done":false}
[debug] [2025-04-29T17:02:24.813Z] [update-default-us-central1-api] Retrying task index 0
[debug] [2025-04-29T17:02:24.814Z] Checked if tokens are valid: true, expires at: 1745949701473
[debug] [2025-04-29T17:02:24.814Z] Checked if tokens are valid: true, expires at: 1745949701473
[debug] [2025-04-29T17:02:24.814Z] >>> [apiv2][query] GET https://cloudfunctions.googleapis.com/v2/projects/atom-tech-test/locations/us-central1/operations/operation-1745946127772-633edc2be29dc-512beb9b-3a6f2be5 [none]
[debug] [2025-04-29T17:02:25.239Z] <<< [apiv2][status] GET https://cloudfunctions.googleapis.com/v2/projects/atom-tech-test/locations/us-central1/operations/operation-1745946127772-633edc2be29dc-512beb9b-3a6f2be5 200
[debug] [2025-04-29T17:02:25.239Z] <<< [apiv2][body] GET https://cloudfunctions.googleapis.com/v2/projects/atom-tech-test/locations/us-central1/operations/operation-1745946127772-633edc2be29dc-512beb9b-3a6f2be5 {"name":"projects/atom-tech-test/locations/us-central1/operations/operation-1745946127772-633edc2be29dc-512beb9b-3a6f2be5","metadata":{"@type":"type.googleapis.com/google.cloud.functions.v2.OperationMetadata","createTime":"2025-04-29T17:02:08.650207847Z","target":"projects/atom-tech-test/locations/us-central1/functions/api","verb":"update","cancelRequested":false,"apiVersion":"v2","requestResource":{"@type":"type.googleapis.com/google.cloud.functions.v2.Function","name":"projects/atom-tech-test/locations/us-central1/functions/api","buildConfig":{"runtime":"nodejs22","entryPoint":"api","source":{"storageSource":{"bucket":"gcf-v2-sources-710190728687-us-central1","object":"api/function-source.zip","generation":"1745946128535308"}},"environmentVariables":{"GOOGLE_NODE_RUN_SCRIPTS":""},"dockerRepository":"projects/atom-tech-test/locations/us-central1/repositories/gcf-artifacts","sourceProvenance":{"resolvedStorageSource":{"bucket":"gcf-v2-sources-710190728687-us-central1","object":"api/function-source.zip","generation":"1745942307001783"}},"dockerRegistry":"ARTIFACT_REGISTRY","serviceAccount":"projects/atom-tech-test/serviceAccounts/710190728687-compute@developer.gserviceaccount.com","automaticUpdatePolicy":{}},"serviceConfig":{"service":"projects/atom-tech-test/locations/us-central1/services/api","timeoutSeconds":60,"environmentVariables":{"FIREBASE_CONFIG":"{\"projectId\":\"atom-tech-test\",\"storageBucket\":\"atom-tech-test.firebasestorage.app\"}","GCLOUD_PROJECT":"atom-tech-test","EVENTARC_CLOUD_EVENT_SOURCE":"projects/atom-tech-test/locations/us-central1/services/api","FUNCTION_TARGET":"api","LOG_EXECUTION_ID":"true"},"ingressSettings":"ALLOW_ALL","uri":"https://api-hwsfzqxvpq-uc.a.run.app","serviceAccountEmail":"710190728687-compute@developer.gserviceaccount.com","availableMemory":"256Mi","allTrafficOnLatestRevision":true,"revision":"api-00001-has","maxInstanceRequestConcurrency":80,"availableCpu":"1"},"state":"ACTIVE","labels":{"deployment-tool":"cli-firebase","firebase-functions-hash":"25bc4e30baefd4a6b9b30421809744a9cb302818"},"environment":"GEN_2","url":"https://us-central1-atom-tech-test.cloudfunctions.net/api","satisfiesPzi":true},"stages":[{"name":"BUILD","message":"Build in progress","state":"IN_PROGRESS","resource":"projects/710190728687/locations/us-central1/builds/a73aa006-7252-4f64-844d-0ed13694aba0","resourceUri":"https://console.cloud.google.com/cloud-build/builds;region=us-central1/a73aa006-7252-4f64-844d-0ed13694aba0?project=710190728687"},{"name":"SERVICE","state":"NOT_STARTED"}],"operationType":"UPDATE_FUNCTION","buildName":"projects/710190728687/locations/us-central1/builds/a73aa006-7252-4f64-844d-0ed13694aba0"},"done":false}
[debug] [2025-04-29T17:02:35.244Z] [update-default-us-central1-api] Retrying task index 0
[debug] [2025-04-29T17:02:35.244Z] Checked if tokens are valid: true, expires at: 1745949701473
[debug] [2025-04-29T17:02:35.245Z] Checked if tokens are valid: true, expires at: 1745949701473
[debug] [2025-04-29T17:02:35.245Z] >>> [apiv2][query] GET https://cloudfunctions.googleapis.com/v2/projects/atom-tech-test/locations/us-central1/operations/operation-1745946127772-633edc2be29dc-512beb9b-3a6f2be5 [none]
[debug] [2025-04-29T17:02:35.661Z] <<< [apiv2][status] GET https://cloudfunctions.googleapis.com/v2/projects/atom-tech-test/locations/us-central1/operations/operation-1745946127772-633edc2be29dc-512beb9b-3a6f2be5 200
[debug] [2025-04-29T17:02:35.662Z] <<< [apiv2][body] GET https://cloudfunctions.googleapis.com/v2/projects/atom-tech-test/locations/us-central1/operations/operation-1745946127772-633edc2be29dc-512beb9b-3a6f2be5 {"name":"projects/atom-tech-test/locations/us-central1/operations/operation-1745946127772-633edc2be29dc-512beb9b-3a6f2be5","metadata":{"@type":"type.googleapis.com/google.cloud.functions.v2.OperationMetadata","createTime":"2025-04-29T17:02:08.650207847Z","target":"projects/atom-tech-test/locations/us-central1/functions/api","verb":"update","cancelRequested":false,"apiVersion":"v2","requestResource":{"@type":"type.googleapis.com/google.cloud.functions.v2.Function","name":"projects/atom-tech-test/locations/us-central1/functions/api","buildConfig":{"runtime":"nodejs22","entryPoint":"api","source":{"storageSource":{"bucket":"gcf-v2-sources-710190728687-us-central1","object":"api/function-source.zip","generation":"1745946128535308"}},"environmentVariables":{"GOOGLE_NODE_RUN_SCRIPTS":""},"dockerRepository":"projects/atom-tech-test/locations/us-central1/repositories/gcf-artifacts","sourceProvenance":{"resolvedStorageSource":{"bucket":"gcf-v2-sources-710190728687-us-central1","object":"api/function-source.zip","generation":"1745942307001783"}},"dockerRegistry":"ARTIFACT_REGISTRY","serviceAccount":"projects/atom-tech-test/serviceAccounts/710190728687-compute@developer.gserviceaccount.com","automaticUpdatePolicy":{}},"serviceConfig":{"service":"projects/atom-tech-test/locations/us-central1/services/api","timeoutSeconds":60,"environmentVariables":{"FIREBASE_CONFIG":"{\"projectId\":\"atom-tech-test\",\"storageBucket\":\"atom-tech-test.firebasestorage.app\"}","GCLOUD_PROJECT":"atom-tech-test","EVENTARC_CLOUD_EVENT_SOURCE":"projects/atom-tech-test/locations/us-central1/services/api","FUNCTION_TARGET":"api","LOG_EXECUTION_ID":"true"},"ingressSettings":"ALLOW_ALL","uri":"https://api-hwsfzqxvpq-uc.a.run.app","serviceAccountEmail":"710190728687-compute@developer.gserviceaccount.com","availableMemory":"256Mi","allTrafficOnLatestRevision":true,"revision":"api-00001-has","maxInstanceRequestConcurrency":80,"availableCpu":"1"},"state":"ACTIVE","labels":{"deployment-tool":"cli-firebase","firebase-functions-hash":"25bc4e30baefd4a6b9b30421809744a9cb302818"},"environment":"GEN_2","url":"https://us-central1-atom-tech-test.cloudfunctions.net/api","satisfiesPzi":true},"stages":[{"name":"BUILD","message":"Build in progress","state":"IN_PROGRESS","resource":"projects/710190728687/locations/us-central1/builds/a73aa006-7252-4f64-844d-0ed13694aba0","resourceUri":"https://console.cloud.google.com/cloud-build/builds;region=us-central1/a73aa006-7252-4f64-844d-0ed13694aba0?project=710190728687"},{"name":"SERVICE","state":"NOT_STARTED"}],"operationType":"UPDATE_FUNCTION","buildName":"projects/710190728687/locations/us-central1/builds/a73aa006-7252-4f64-844d-0ed13694aba0"},"done":false}
[debug] [2025-04-29T17:02:45.667Z] [update-default-us-central1-api] Retrying task index 0
[debug] [2025-04-29T17:02:45.668Z] Checked if tokens are valid: true, expires at: 1745949701473
[debug] [2025-04-29T17:02:45.668Z] Checked if tokens are valid: true, expires at: 1745949701473
[debug] [2025-04-29T17:02:45.668Z] >>> [apiv2][query] GET https://cloudfunctions.googleapis.com/v2/projects/atom-tech-test/locations/us-central1/operations/operation-1745946127772-633edc2be29dc-512beb9b-3a6f2be5 [none]
[debug] [2025-04-29T17:02:46.130Z] <<< [apiv2][status] GET https://cloudfunctions.googleapis.com/v2/projects/atom-tech-test/locations/us-central1/operations/operation-1745946127772-633edc2be29dc-512beb9b-3a6f2be5 200
[debug] [2025-04-29T17:02:46.131Z] <<< [apiv2][body] GET https://cloudfunctions.googleapis.com/v2/projects/atom-tech-test/locations/us-central1/operations/operation-1745946127772-633edc2be29dc-512beb9b-3a6f2be5 {"name":"projects/atom-tech-test/locations/us-central1/operations/operation-1745946127772-633edc2be29dc-512beb9b-3a6f2be5","metadata":{"@type":"type.googleapis.com/google.cloud.functions.v2.OperationMetadata","createTime":"2025-04-29T17:02:08.650207847Z","target":"projects/atom-tech-test/locations/us-central1/functions/api","verb":"update","cancelRequested":false,"apiVersion":"v2","requestResource":{"@type":"type.googleapis.com/google.cloud.functions.v2.Function","name":"projects/atom-tech-test/locations/us-central1/functions/api","buildConfig":{"runtime":"nodejs22","entryPoint":"api","source":{"storageSource":{"bucket":"gcf-v2-sources-710190728687-us-central1","object":"api/function-source.zip","generation":"1745946128535308"}},"environmentVariables":{"GOOGLE_NODE_RUN_SCRIPTS":""},"dockerRepository":"projects/atom-tech-test/locations/us-central1/repositories/gcf-artifacts","sourceProvenance":{"resolvedStorageSource":{"bucket":"gcf-v2-sources-710190728687-us-central1","object":"api/function-source.zip","generation":"1745942307001783"}},"dockerRegistry":"ARTIFACT_REGISTRY","serviceAccount":"projects/atom-tech-test/serviceAccounts/710190728687-compute@developer.gserviceaccount.com","automaticUpdatePolicy":{}},"serviceConfig":{"service":"projects/atom-tech-test/locations/us-central1/services/api","timeoutSeconds":60,"environmentVariables":{"FIREBASE_CONFIG":"{\"projectId\":\"atom-tech-test\",\"storageBucket\":\"atom-tech-test.firebasestorage.app\"}","GCLOUD_PROJECT":"atom-tech-test","EVENTARC_CLOUD_EVENT_SOURCE":"projects/atom-tech-test/locations/us-central1/services/api","FUNCTION_TARGET":"api","LOG_EXECUTION_ID":"true"},"ingressSettings":"ALLOW_ALL","uri":"https://api-hwsfzqxvpq-uc.a.run.app","serviceAccountEmail":"710190728687-compute@developer.gserviceaccount.com","availableMemory":"256Mi","allTrafficOnLatestRevision":true,"revision":"api-00001-has","maxInstanceRequestConcurrency":80,"availableCpu":"1"},"state":"ACTIVE","labels":{"deployment-tool":"cli-firebase","firebase-functions-hash":"25bc4e30baefd4a6b9b30421809744a9cb302818"},"environment":"GEN_2","url":"https://us-central1-atom-tech-test.cloudfunctions.net/api","satisfiesPzi":true},"stages":[{"name":"BUILD","message":"Build in progress","state":"IN_PROGRESS","resource":"projects/710190728687/locations/us-central1/builds/a73aa006-7252-4f64-844d-0ed13694aba0","resourceUri":"https://console.cloud.google.com/cloud-build/builds;region=us-central1/a73aa006-7252-4f64-844d-0ed13694aba0?project=710190728687"},{"name":"SERVICE","state":"NOT_STARTED"}],"operationType":"UPDATE_FUNCTION","buildName":"projects/710190728687/locations/us-central1/builds/a73aa006-7252-4f64-844d-0ed13694aba0"},"done":false}
[debug] [2025-04-29T17:02:56.136Z] [update-default-us-central1-api] Retrying task index 0
[debug] [2025-04-29T17:02:56.136Z] Checked if tokens are valid: true, expires at: 1745949701473
[debug] [2025-04-29T17:02:56.136Z] Checked if tokens are valid: true, expires at: 1745949701473
[debug] [2025-04-29T17:02:56.136Z] >>> [apiv2][query] GET https://cloudfunctions.googleapis.com/v2/projects/atom-tech-test/locations/us-central1/operations/operation-1745946127772-633edc2be29dc-512beb9b-3a6f2be5 [none]
[debug] [2025-04-29T17:02:56.547Z] <<< [apiv2][status] GET https://cloudfunctions.googleapis.com/v2/projects/atom-tech-test/locations/us-central1/operations/operation-1745946127772-633edc2be29dc-512beb9b-3a6f2be5 200
[debug] [2025-04-29T17:02:56.547Z] <<< [apiv2][body] GET https://cloudfunctions.googleapis.com/v2/projects/atom-tech-test/locations/us-central1/operations/operation-1745946127772-633edc2be29dc-512beb9b-3a6f2be5 {"name":"projects/atom-tech-test/locations/us-central1/operations/operation-1745946127772-633edc2be29dc-512beb9b-3a6f2be5","metadata":{"@type":"type.googleapis.com/google.cloud.functions.v2.OperationMetadata","createTime":"2025-04-29T17:02:08.650207847Z","target":"projects/atom-tech-test/locations/us-central1/functions/api","verb":"update","cancelRequested":false,"apiVersion":"v2","requestResource":{"@type":"type.googleapis.com/google.cloud.functions.v2.Function","name":"projects/atom-tech-test/locations/us-central1/functions/api","buildConfig":{"runtime":"nodejs22","entryPoint":"api","source":{"storageSource":{"bucket":"gcf-v2-sources-710190728687-us-central1","object":"api/function-source.zip","generation":"1745946128535308"}},"environmentVariables":{"GOOGLE_NODE_RUN_SCRIPTS":""},"dockerRepository":"projects/atom-tech-test/locations/us-central1/repositories/gcf-artifacts","sourceProvenance":{"resolvedStorageSource":{"bucket":"gcf-v2-sources-710190728687-us-central1","object":"api/function-source.zip","generation":"1745942307001783"}},"dockerRegistry":"ARTIFACT_REGISTRY","serviceAccount":"projects/atom-tech-test/serviceAccounts/710190728687-compute@developer.gserviceaccount.com","automaticUpdatePolicy":{}},"serviceConfig":{"service":"projects/atom-tech-test/locations/us-central1/services/api","timeoutSeconds":60,"environmentVariables":{"FIREBASE_CONFIG":"{\"projectId\":\"atom-tech-test\",\"storageBucket\":\"atom-tech-test.firebasestorage.app\"}","GCLOUD_PROJECT":"atom-tech-test","EVENTARC_CLOUD_EVENT_SOURCE":"projects/atom-tech-test/locations/us-central1/services/api","FUNCTION_TARGET":"api","LOG_EXECUTION_ID":"true"},"ingressSettings":"ALLOW_ALL","uri":"https://api-hwsfzqxvpq-uc.a.run.app","serviceAccountEmail":"710190728687-compute@developer.gserviceaccount.com","availableMemory":"256Mi","allTrafficOnLatestRevision":true,"revision":"api-00001-has","maxInstanceRequestConcurrency":80,"availableCpu":"1"},"state":"ACTIVE","labels":{"deployment-tool":"cli-firebase","firebase-functions-hash":"25bc4e30baefd4a6b9b30421809744a9cb302818"},"environment":"GEN_2","url":"https://us-central1-atom-tech-test.cloudfunctions.net/api","satisfiesPzi":true},"stages":[{"name":"BUILD","message":"Build finished","state":"COMPLETE","resource":"projects/710190728687/locations/us-central1/builds/a73aa006-7252-4f64-844d-0ed13694aba0","resourceUri":"https://console.cloud.google.com/cloud-build/builds;region=us-central1/a73aa006-7252-4f64-844d-0ed13694aba0?project=710190728687"},{"name":"SERVICE","message":"Updating Cloud Run service","state":"IN_PROGRESS","resource":"projects/atom-tech-test/locations/us-central1/services/api","resourceUri":"https://console.cloud.google.com/run/detail/us-central1/api?project=atom-tech-test","stateMessages":[{"severity":"INFO","type":"CloudRunServiceNewRevisionTrafficInfo","message":"A new revision will be deployed serving with 100% traffic."}]}],"sourceToken":"Cldwcm9qZWN0cy83MTAxOTA3Mjg2ODcvbG9jYXRpb25zL3VzLWNlbnRyYWwxL2J1aWxkcy9hNzNhYTAwNi03MjUyLTRmNjQtODQ0ZC0wZWQxMzY5NGFiYTASZXVzLWNlbnRyYWwxLWRvY2tlci5wa2cuZGV2L2F0b20tdGVjaC10ZXN0L2djZi1hcnRpZmFjdHMvYXRvbS0tdGVjaC0tdGVzdF9fdXMtLWNlbnRyYWwxX19hcGk6dmVyc2lvbl8xGO+LqtXVFCI7cHJvamVjdHMvYXRvbS10ZWNoLXRlc3QvbG9jYXRpb25zL3VzLWNlbnRyYWwxL2Z1bmN0aW9ucy9hcGkqDAjAjMTABhDw+oqNATIIbm9kZWpzMjI6dgojZ2NyLmlvL2dhZS1ydW50aW1lcy9ub2RlanMyMjpzdGFibGUST3VzLWNlbnRyYWwxLWRvY2tlci5wa2cuZGV2L3NlcnZlcmxlc3MtcnVudGltZXMvZ29vZ2xlLTIyLWZ1bGwvcnVudGltZXMvbm9kZWpzMjJAAQ==","operationType":"UPDATE_FUNCTION","buildName":"projects/710190728687/locations/us-central1/builds/a73aa006-7252-4f64-844d-0ed13694aba0"},"done":false}
[debug] [2025-04-29T17:02:56.548Z] Got source token Cldwcm9qZWN0cy83MTAxOTA3Mjg2ODcvbG9jYXRpb25zL3VzLWNlbnRyYWwxL2J1aWxkcy9hNzNhYTAwNi03MjUyLTRmNjQtODQ0ZC0wZWQxMzY5NGFiYTASZXVzLWNlbnRyYWwxLWRvY2tlci5wa2cuZGV2L2F0b20tdGVjaC10ZXN0L2djZi1hcnRpZmFjdHMvYXRvbS0tdGVjaC0tdGVzdF9fdXMtLWNlbnRyYWwxX19hcGk6dmVyc2lvbl8xGO+LqtXVFCI7cHJvamVjdHMvYXRvbS10ZWNoLXRlc3QvbG9jYXRpb25zL3VzLWNlbnRyYWwxL2Z1bmN0aW9ucy9hcGkqDAjAjMTABhDw+oqNATIIbm9kZWpzMjI6dgojZ2NyLmlvL2dhZS1ydW50aW1lcy9ub2RlanMyMjpzdGFibGUST3VzLWNlbnRyYWwxLWRvY2tlci5wa2cuZGV2L3NlcnZlcmxlc3MtcnVudGltZXMvZ29vZ2xlLTIyLWZ1bGwvcnVudGltZXMvbm9kZWpzMjJAAQ== for region us-central1
[debug] [2025-04-29T17:03:06.554Z] [update-default-us-central1-api] Retrying task index 0
[debug] [2025-04-29T17:03:06.554Z] Checked if tokens are valid: true, expires at: 1745949701473
[debug] [2025-04-29T17:03:06.554Z] Checked if tokens are valid: true, expires at: 1745949701473
[debug] [2025-04-29T17:03:06.554Z] >>> [apiv2][query] GET https://cloudfunctions.googleapis.com/v2/projects/atom-tech-test/locations/us-central1/operations/operation-1745946127772-633edc2be29dc-512beb9b-3a6f2be5 [none]
[debug] [2025-04-29T17:03:06.950Z] <<< [apiv2][status] GET https://cloudfunctions.googleapis.com/v2/projects/atom-tech-test/locations/us-central1/operations/operation-1745946127772-633edc2be29dc-512beb9b-3a6f2be5 200
[debug] [2025-04-29T17:03:06.950Z] <<< [apiv2][body] GET https://cloudfunctions.googleapis.com/v2/projects/atom-tech-test/locations/us-central1/operations/operation-1745946127772-633edc2be29dc-512beb9b-3a6f2be5 {"name":"projects/atom-tech-test/locations/us-central1/operations/operation-1745946127772-633edc2be29dc-512beb9b-3a6f2be5","metadata":{"@type":"type.googleapis.com/google.cloud.functions.v2.OperationMetadata","createTime":"2025-04-29T17:02:08.650207847Z","target":"projects/atom-tech-test/locations/us-central1/functions/api","verb":"update","cancelRequested":false,"apiVersion":"v2","requestResource":{"@type":"type.googleapis.com/google.cloud.functions.v2.Function","name":"projects/atom-tech-test/locations/us-central1/functions/api","buildConfig":{"runtime":"nodejs22","entryPoint":"api","source":{"storageSource":{"bucket":"gcf-v2-sources-710190728687-us-central1","object":"api/function-source.zip","generation":"1745946128535308"}},"environmentVariables":{"GOOGLE_NODE_RUN_SCRIPTS":""},"dockerRepository":"projects/atom-tech-test/locations/us-central1/repositories/gcf-artifacts","sourceProvenance":{"resolvedStorageSource":{"bucket":"gcf-v2-sources-710190728687-us-central1","object":"api/function-source.zip","generation":"1745942307001783"}},"dockerRegistry":"ARTIFACT_REGISTRY","serviceAccount":"projects/atom-tech-test/serviceAccounts/710190728687-compute@developer.gserviceaccount.com","automaticUpdatePolicy":{}},"serviceConfig":{"service":"projects/atom-tech-test/locations/us-central1/services/api","timeoutSeconds":60,"environmentVariables":{"FIREBASE_CONFIG":"{\"projectId\":\"atom-tech-test\",\"storageBucket\":\"atom-tech-test.firebasestorage.app\"}","GCLOUD_PROJECT":"atom-tech-test","EVENTARC_CLOUD_EVENT_SOURCE":"projects/atom-tech-test/locations/us-central1/services/api","FUNCTION_TARGET":"api","LOG_EXECUTION_ID":"true"},"ingressSettings":"ALLOW_ALL","uri":"https://api-hwsfzqxvpq-uc.a.run.app","serviceAccountEmail":"710190728687-compute@developer.gserviceaccount.com","availableMemory":"256Mi","allTrafficOnLatestRevision":true,"revision":"api-00001-has","maxInstanceRequestConcurrency":80,"availableCpu":"1"},"state":"ACTIVE","labels":{"deployment-tool":"cli-firebase","firebase-functions-hash":"25bc4e30baefd4a6b9b30421809744a9cb302818"},"environment":"GEN_2","url":"https://us-central1-atom-tech-test.cloudfunctions.net/api","satisfiesPzi":true},"stages":[{"name":"BUILD","message":"Build finished","state":"COMPLETE","resource":"projects/710190728687/locations/us-central1/builds/a73aa006-7252-4f64-844d-0ed13694aba0","resourceUri":"https://console.cloud.google.com/cloud-build/builds;region=us-central1/a73aa006-7252-4f64-844d-0ed13694aba0?project=710190728687"},{"name":"SERVICE","message":"Updating Cloud Run service","state":"IN_PROGRESS","resource":"projects/atom-tech-test/locations/us-central1/services/api","resourceUri":"https://console.cloud.google.com/run/detail/us-central1/api?project=atom-tech-test","stateMessages":[{"severity":"INFO","type":"CloudRunServiceNewRevisionTrafficInfo","message":"A new revision will be deployed serving with 100% traffic."}]}],"sourceToken":"Cldwcm9qZWN0cy83MTAxOTA3Mjg2ODcvbG9jYXRpb25zL3VzLWNlbnRyYWwxL2J1aWxkcy9hNzNhYTAwNi03MjUyLTRmNjQtODQ0ZC0wZWQxMzY5NGFiYTASZXVzLWNlbnRyYWwxLWRvY2tlci5wa2cuZGV2L2F0b20tdGVjaC10ZXN0L2djZi1hcnRpZmFjdHMvYXRvbS0tdGVjaC0tdGVzdF9fdXMtLWNlbnRyYWwxX19hcGk6dmVyc2lvbl8xGO+LqtXVFCI7cHJvamVjdHMvYXRvbS10ZWNoLXRlc3QvbG9jYXRpb25zL3VzLWNlbnRyYWwxL2Z1bmN0aW9ucy9hcGkqDAjAjMTABhDw+oqNATIIbm9kZWpzMjI6dgojZ2NyLmlvL2dhZS1ydW50aW1lcy9ub2RlanMyMjpzdGFibGUST3VzLWNlbnRyYWwxLWRvY2tlci5wa2cuZGV2L3NlcnZlcmxlc3MtcnVudGltZXMvZ29vZ2xlLTIyLWZ1bGwvcnVudGltZXMvbm9kZWpzMjJAAQ==","operationType":"UPDATE_FUNCTION","buildName":"projects/710190728687/locations/us-central1/builds/a73aa006-7252-4f64-844d-0ed13694aba0"},"done":false}
[debug] [2025-04-29T17:03:06.950Z] Got source token Cldwcm9qZWN0cy83MTAxOTA3Mjg2ODcvbG9jYXRpb25zL3VzLWNlbnRyYWwxL2J1aWxkcy9hNzNhYTAwNi03MjUyLTRmNjQtODQ0ZC0wZWQxMzY5NGFiYTASZXVzLWNlbnRyYWwxLWRvY2tlci5wa2cuZGV2L2F0b20tdGVjaC10ZXN0L2djZi1hcnRpZmFjdHMvYXRvbS0tdGVjaC0tdGVzdF9fdXMtLWNlbnRyYWwxX19hcGk6dmVyc2lvbl8xGO+LqtXVFCI7cHJvamVjdHMvYXRvbS10ZWNoLXRlc3QvbG9jYXRpb25zL3VzLWNlbnRyYWwxL2Z1bmN0aW9ucy9hcGkqDAjAjMTABhDw+oqNATIIbm9kZWpzMjI6dgojZ2NyLmlvL2dhZS1ydW50aW1lcy9ub2RlanMyMjpzdGFibGUST3VzLWNlbnRyYWwxLWRvY2tlci5wa2cuZGV2L3NlcnZlcmxlc3MtcnVudGltZXMvZ29vZ2xlLTIyLWZ1bGwvcnVudGltZXMvbm9kZWpzMjJAAQ== for region us-central1
[debug] [2025-04-29T17:03:16.955Z] [update-default-us-central1-api] Retrying task index 0
[debug] [2025-04-29T17:03:16.956Z] Checked if tokens are valid: true, expires at: 1745949701473
[debug] [2025-04-29T17:03:16.956Z] Checked if tokens are valid: true, expires at: 1745949701473
[debug] [2025-04-29T17:03:16.956Z] >>> [apiv2][query] GET https://cloudfunctions.googleapis.com/v2/projects/atom-tech-test/locations/us-central1/operations/operation-1745946127772-633edc2be29dc-512beb9b-3a6f2be5 [none]
[debug] [2025-04-29T17:03:17.378Z] <<< [apiv2][status] GET https://cloudfunctions.googleapis.com/v2/projects/atom-tech-test/locations/us-central1/operations/operation-1745946127772-633edc2be29dc-512beb9b-3a6f2be5 200
[debug] [2025-04-29T17:03:17.378Z] <<< [apiv2][body] GET https://cloudfunctions.googleapis.com/v2/projects/atom-tech-test/locations/us-central1/operations/operation-1745946127772-633edc2be29dc-512beb9b-3a6f2be5 {"name":"projects/atom-tech-test/locations/us-central1/operations/operation-1745946127772-633edc2be29dc-512beb9b-3a6f2be5","metadata":{"@type":"type.googleapis.com/google.cloud.functions.v2.OperationMetadata","createTime":"2025-04-29T17:02:08.650207847Z","target":"projects/atom-tech-test/locations/us-central1/functions/api","verb":"update","cancelRequested":false,"apiVersion":"v2","requestResource":{"@type":"type.googleapis.com/google.cloud.functions.v2.Function","name":"projects/atom-tech-test/locations/us-central1/functions/api","buildConfig":{"runtime":"nodejs22","entryPoint":"api","source":{"storageSource":{"bucket":"gcf-v2-sources-710190728687-us-central1","object":"api/function-source.zip","generation":"1745946128535308"}},"environmentVariables":{"GOOGLE_NODE_RUN_SCRIPTS":""},"dockerRepository":"projects/atom-tech-test/locations/us-central1/repositories/gcf-artifacts","sourceProvenance":{"resolvedStorageSource":{"bucket":"gcf-v2-sources-710190728687-us-central1","object":"api/function-source.zip","generation":"1745942307001783"}},"dockerRegistry":"ARTIFACT_REGISTRY","serviceAccount":"projects/atom-tech-test/serviceAccounts/710190728687-compute@developer.gserviceaccount.com","automaticUpdatePolicy":{}},"serviceConfig":{"service":"projects/atom-tech-test/locations/us-central1/services/api","timeoutSeconds":60,"environmentVariables":{"FIREBASE_CONFIG":"{\"projectId\":\"atom-tech-test\",\"storageBucket\":\"atom-tech-test.firebasestorage.app\"}","GCLOUD_PROJECT":"atom-tech-test","EVENTARC_CLOUD_EVENT_SOURCE":"projects/atom-tech-test/locations/us-central1/services/api","FUNCTION_TARGET":"api","LOG_EXECUTION_ID":"true"},"ingressSettings":"ALLOW_ALL","uri":"https://api-hwsfzqxvpq-uc.a.run.app","serviceAccountEmail":"710190728687-compute@developer.gserviceaccount.com","availableMemory":"256Mi","allTrafficOnLatestRevision":true,"revision":"api-00001-has","maxInstanceRequestConcurrency":80,"availableCpu":"1"},"state":"ACTIVE","labels":{"deployment-tool":"cli-firebase","firebase-functions-hash":"25bc4e30baefd4a6b9b30421809744a9cb302818"},"environment":"GEN_2","url":"https://us-central1-atom-tech-test.cloudfunctions.net/api","satisfiesPzi":true},"stages":[{"name":"BUILD","message":"Build finished","state":"COMPLETE","resource":"projects/710190728687/locations/us-central1/builds/a73aa006-7252-4f64-844d-0ed13694aba0","resourceUri":"https://console.cloud.google.com/cloud-build/builds;region=us-central1/a73aa006-7252-4f64-844d-0ed13694aba0?project=710190728687"},{"name":"SERVICE","message":"Updating Cloud Run service","state":"IN_PROGRESS","resource":"projects/atom-tech-test/locations/us-central1/services/api","resourceUri":"https://console.cloud.google.com/run/detail/us-central1/api?project=atom-tech-test","stateMessages":[{"severity":"INFO","type":"CloudRunServiceNewRevisionTrafficInfo","message":"A new revision will be deployed serving with 100% traffic."}]}],"sourceToken":"Cldwcm9qZWN0cy83MTAxOTA3Mjg2ODcvbG9jYXRpb25zL3VzLWNlbnRyYWwxL2J1aWxkcy9hNzNhYTAwNi03MjUyLTRmNjQtODQ0ZC0wZWQxMzY5NGFiYTASZXVzLWNlbnRyYWwxLWRvY2tlci5wa2cuZGV2L2F0b20tdGVjaC10ZXN0L2djZi1hcnRpZmFjdHMvYXRvbS0tdGVjaC0tdGVzdF9fdXMtLWNlbnRyYWwxX19hcGk6dmVyc2lvbl8xGO+LqtXVFCI7cHJvamVjdHMvYXRvbS10ZWNoLXRlc3QvbG9jYXRpb25zL3VzLWNlbnRyYWwxL2Z1bmN0aW9ucy9hcGkqDAjAjMTABhDw+oqNATIIbm9kZWpzMjI6dgojZ2NyLmlvL2dhZS1ydW50aW1lcy9ub2RlanMyMjpzdGFibGUST3VzLWNlbnRyYWwxLWRvY2tlci5wa2cuZGV2L3NlcnZlcmxlc3MtcnVudGltZXMvZ29vZ2xlLTIyLWZ1bGwvcnVudGltZXMvbm9kZWpzMjJAAQ==","operationType":"UPDATE_FUNCTION","buildName":"projects/710190728687/locations/us-central1/builds/a73aa006-7252-4f64-844d-0ed13694aba0"},"done":false}
[debug] [2025-04-29T17:03:17.378Z] Got source token Cldwcm9qZWN0cy83MTAxOTA3Mjg2ODcvbG9jYXRpb25zL3VzLWNlbnRyYWwxL2J1aWxkcy9hNzNhYTAwNi03MjUyLTRmNjQtODQ0ZC0wZWQxMzY5NGFiYTASZXVzLWNlbnRyYWwxLWRvY2tlci5wa2cuZGV2L2F0b20tdGVjaC10ZXN0L2djZi1hcnRpZmFjdHMvYXRvbS0tdGVjaC0tdGVzdF9fdXMtLWNlbnRyYWwxX19hcGk6dmVyc2lvbl8xGO+LqtXVFCI7cHJvamVjdHMvYXRvbS10ZWNoLXRlc3QvbG9jYXRpb25zL3VzLWNlbnRyYWwxL2Z1bmN0aW9ucy9hcGkqDAjAjMTABhDw+oqNATIIbm9kZWpzMjI6dgojZ2NyLmlvL2dhZS1ydW50aW1lcy9ub2RlanMyMjpzdGFibGUST3VzLWNlbnRyYWwxLWRvY2tlci5wa2cuZGV2L3NlcnZlcmxlc3MtcnVudGltZXMvZ29vZ2xlLTIyLWZ1bGwvcnVudGltZXMvbm9kZWpzMjJAAQ== for region us-central1
[debug] [2025-04-29T17:03:27.381Z] [update-default-us-central1-api] Retrying task index 0
[debug] [2025-04-29T17:03:27.381Z] Checked if tokens are valid: true, expires at: 1745949701473
[debug] [2025-04-29T17:03:27.381Z] Checked if tokens are valid: true, expires at: 1745949701473
[debug] [2025-04-29T17:03:27.381Z] >>> [apiv2][query] GET https://cloudfunctions.googleapis.com/v2/projects/atom-tech-test/locations/us-central1/operations/operation-1745946127772-633edc2be29dc-512beb9b-3a6f2be5 [none]
[debug] [2025-04-29T17:03:27.784Z] <<< [apiv2][status] GET https://cloudfunctions.googleapis.com/v2/projects/atom-tech-test/locations/us-central1/operations/operation-1745946127772-633edc2be29dc-512beb9b-3a6f2be5 200
[debug] [2025-04-29T17:03:27.785Z] <<< [apiv2][body] GET https://cloudfunctions.googleapis.com/v2/projects/atom-tech-test/locations/us-central1/operations/operation-1745946127772-633edc2be29dc-512beb9b-3a6f2be5 {"name":"projects/atom-tech-test/locations/us-central1/operations/operation-1745946127772-633edc2be29dc-512beb9b-3a6f2be5","metadata":{"@type":"type.googleapis.com/google.cloud.functions.v2.OperationMetadata","createTime":"2025-04-29T17:02:08.650207847Z","target":"projects/atom-tech-test/locations/us-central1/functions/api","verb":"update","cancelRequested":false,"apiVersion":"v2","requestResource":{"@type":"type.googleapis.com/google.cloud.functions.v2.Function","name":"projects/atom-tech-test/locations/us-central1/functions/api","buildConfig":{"runtime":"nodejs22","entryPoint":"api","source":{"storageSource":{"bucket":"gcf-v2-sources-710190728687-us-central1","object":"api/function-source.zip","generation":"1745946128535308"}},"environmentVariables":{"GOOGLE_NODE_RUN_SCRIPTS":""},"dockerRepository":"projects/atom-tech-test/locations/us-central1/repositories/gcf-artifacts","sourceProvenance":{"resolvedStorageSource":{"bucket":"gcf-v2-sources-710190728687-us-central1","object":"api/function-source.zip","generation":"1745942307001783"}},"dockerRegistry":"ARTIFACT_REGISTRY","serviceAccount":"projects/atom-tech-test/serviceAccounts/710190728687-compute@developer.gserviceaccount.com","automaticUpdatePolicy":{}},"serviceConfig":{"service":"projects/atom-tech-test/locations/us-central1/services/api","timeoutSeconds":60,"environmentVariables":{"FIREBASE_CONFIG":"{\"projectId\":\"atom-tech-test\",\"storageBucket\":\"atom-tech-test.firebasestorage.app\"}","GCLOUD_PROJECT":"atom-tech-test","EVENTARC_CLOUD_EVENT_SOURCE":"projects/atom-tech-test/locations/us-central1/services/api","FUNCTION_TARGET":"api","LOG_EXECUTION_ID":"true"},"ingressSettings":"ALLOW_ALL","uri":"https://api-hwsfzqxvpq-uc.a.run.app","serviceAccountEmail":"710190728687-compute@developer.gserviceaccount.com","availableMemory":"256Mi","allTrafficOnLatestRevision":true,"revision":"api-00001-has","maxInstanceRequestConcurrency":80,"availableCpu":"1"},"state":"ACTIVE","labels":{"deployment-tool":"cli-firebase","firebase-functions-hash":"25bc4e30baefd4a6b9b30421809744a9cb302818"},"environment":"GEN_2","url":"https://us-central1-atom-tech-test.cloudfunctions.net/api","satisfiesPzi":true},"stages":[{"name":"BUILD","message":"Build finished","state":"COMPLETE","resource":"projects/710190728687/locations/us-central1/builds/a73aa006-7252-4f64-844d-0ed13694aba0","resourceUri":"https://console.cloud.google.com/cloud-build/builds;region=us-central1/a73aa006-7252-4f64-844d-0ed13694aba0?project=710190728687"},{"name":"SERVICE","message":"Updating Cloud Run service","state":"IN_PROGRESS","resource":"projects/atom-tech-test/locations/us-central1/services/api","resourceUri":"https://console.cloud.google.com/run/detail/us-central1/api?project=atom-tech-test","stateMessages":[{"severity":"INFO","type":"CloudRunServiceNewRevisionTrafficInfo","message":"A new revision will be deployed serving with 100% traffic."}]}],"sourceToken":"Cldwcm9qZWN0cy83MTAxOTA3Mjg2ODcvbG9jYXRpb25zL3VzLWNlbnRyYWwxL2J1aWxkcy9hNzNhYTAwNi03MjUyLTRmNjQtODQ0ZC0wZWQxMzY5NGFiYTASZXVzLWNlbnRyYWwxLWRvY2tlci5wa2cuZGV2L2F0b20tdGVjaC10ZXN0L2djZi1hcnRpZmFjdHMvYXRvbS0tdGVjaC0tdGVzdF9fdXMtLWNlbnRyYWwxX19hcGk6dmVyc2lvbl8xGO+LqtXVFCI7cHJvamVjdHMvYXRvbS10ZWNoLXRlc3QvbG9jYXRpb25zL3VzLWNlbnRyYWwxL2Z1bmN0aW9ucy9hcGkqDAjAjMTABhDw+oqNATIIbm9kZWpzMjI6dgojZ2NyLmlvL2dhZS1ydW50aW1lcy9ub2RlanMyMjpzdGFibGUST3VzLWNlbnRyYWwxLWRvY2tlci5wa2cuZGV2L3NlcnZlcmxlc3MtcnVudGltZXMvZ29vZ2xlLTIyLWZ1bGwvcnVudGltZXMvbm9kZWpzMjJAAQ==","operationType":"UPDATE_FUNCTION","buildName":"projects/710190728687/locations/us-central1/builds/a73aa006-7252-4f64-844d-0ed13694aba0"},"done":false}
[debug] [2025-04-29T17:03:27.785Z] Got source token Cldwcm9qZWN0cy83MTAxOTA3Mjg2ODcvbG9jYXRpb25zL3VzLWNlbnRyYWwxL2J1aWxkcy9hNzNhYTAwNi03MjUyLTRmNjQtODQ0ZC0wZWQxMzY5NGFiYTASZXVzLWNlbnRyYWwxLWRvY2tlci5wa2cuZGV2L2F0b20tdGVjaC10ZXN0L2djZi1hcnRpZmFjdHMvYXRvbS0tdGVjaC0tdGVzdF9fdXMtLWNlbnRyYWwxX19hcGk6dmVyc2lvbl8xGO+LqtXVFCI7cHJvamVjdHMvYXRvbS10ZWNoLXRlc3QvbG9jYXRpb25zL3VzLWNlbnRyYWwxL2Z1bmN0aW9ucy9hcGkqDAjAjMTABhDw+oqNATIIbm9kZWpzMjI6dgojZ2NyLmlvL2dhZS1ydW50aW1lcy9ub2RlanMyMjpzdGFibGUST3VzLWNlbnRyYWwxLWRvY2tlci5wa2cuZGV2L3NlcnZlcmxlc3MtcnVudGltZXMvZ29vZ2xlLTIyLWZ1bGwvcnVudGltZXMvbm9kZWpzMjJAAQ== for region us-central1
